2025-12-18 16:06:37,125 | INFO     | __main__                  | ================================================================================
2025-12-18 16:06:37,125 | INFO     | __main__                  | PHASE 1 PAPER TRADING VALIDATION
2025-12-18 16:06:37,126 | INFO     | __main__                  | ================================================================================
2025-12-18 16:06:37,126 | INFO     | __main__                  | Account: DU0282477
2025-12-18 16:06:37,126 | INFO     | __main__                  | Port: 4002
2025-12-18 16:06:37,126 | INFO     | __main__                  | Duration: 24.0 hours
2025-12-18 16:06:37,126 | INFO     | __main__                  | ================================================================================
2025-12-18 16:06:37,126 | INFO     | __main__                  | Using TWS paper trading (port 7497)
2025-12-18 16:06:37,126 | INFO     | __main__                  | Initializing Live Trading Engine...
2025-12-18 16:06:37,128 | INFO     | slob.live.candle_store    | ✅ CandleStore initialized at data/candles.db
2025-12-18 16:06:37,128 | INFO     | __main__                  | Connecting to Interactive Brokers...
2025-12-18 16:06:37,128 | INFO     | slob.live.live_trading_engine | 🚀 Initializing Engine for NQ on port 4002
2025-12-18 16:06:37,129 | INFO     | slob.live.ib_ws_fetcher   | Connecting to IB at 127.0.0.1:4002
2025-12-18 16:06:37,129 | INFO     | ib_insync.client          | Connecting to 127.0.0.1:4002 with clientId 2...
2025-12-18 16:06:37,130 | INFO     | ib_insync.client          | Connected
2025-12-18 16:06:37,140 | INFO     | ib_insync.client          | Logged on to server version 176
2025-12-18 16:06:37,143 | INFO     | ib_insync.wrapper         | Warning 2104, reqId -1: Market data farm connection is OK:usfuture
2025-12-18 16:06:37,144 | INFO     | ib_insync.wrapper         | Warning 2104, reqId -1: Market data farm connection is OK:usfarm
2025-12-18 16:06:37,144 | INFO     | ib_insync.wrapper         | Warning 2107, reqId -1: HMDS data farm connection is inactive but should be available upon demand.ushmds
2025-12-18 16:06:37,144 | INFO     | ib_insync.wrapper         | Warning 2158, reqId -1: Sec-def data farm connection is OK:secdefnj
2025-12-18 16:06:37,145 | INFO     | ib_insync.client          | API connection ready
2025-12-18 16:06:37,320 | INFO     | ib_insync.ib              | Synchronization complete
2025-12-18 16:06:37,324 | INFO     | slob.live.ib_ws_fetcher   | ✅ Requested Market Data Type 3 (Delayed/Frozen)
2025-12-18 16:06:37,325 | INFO     | slob.live.ib_ws_fetcher   | ✅ Successfully connected to IB (clientId=2)
2025-12-18 16:06:37,607 | INFO     | slob.live.ib_ws_fetcher   | Resolved NQ to NQZ5
2025-12-18 16:06:37,608 | INFO     | slob.live.ib_ws_fetcher   | ✅ Subscribed to: NQ
2025-12-18 16:06:37,609 | INFO     | slob.live.order_executor  | Initializing OrderExecutor...
2025-12-18 16:06:37,610 | INFO     | ib_insync.client          | Connecting to 127.0.0.1:4002 with clientId 1...
2025-12-18 16:06:37,611 | INFO     | ib_insync.client          | Connected
2025-12-18 16:06:37,616 | INFO     | ib_insync.client          | Logged on to server version 176
2025-12-18 16:06:37,618 | INFO     | ib_insync.wrapper         | Warning 2104, reqId -1: Market data farm connection is OK:usfuture
2025-12-18 16:06:37,618 | INFO     | ib_insync.wrapper         | Warning 2104, reqId -1: Market data farm connection is OK:usfarm
2025-12-18 16:06:37,618 | INFO     | ib_insync.wrapper         | Warning 2107, reqId -1: HMDS data farm connection is inactive but should be available upon demand.ushmds
2025-12-18 16:06:37,619 | INFO     | ib_insync.wrapper         | Warning 2158, reqId -1: Sec-def data farm connection is OK:secdefnj
2025-12-18 16:06:37,619 | INFO     | ib_insync.client          | API connection ready
2025-12-18 16:06:37,820 | INFO     | ib_insync.wrapper         | Warning 10167, reqId 5: Requested market data is not subscribed. Displaying delayed market data., contract: Contract(secType='FUT', conId=563947738, symbol='NQ', lastTradeDateOrContractMonth='20251219', multiplier='20', exchange='CME', currency='USD', localSymbol='NQZ5', tradingClass='NQ')
2025-12-18 16:06:37,933 | INFO     | ib_insync.ib              | Synchronization complete
2025-12-18 16:06:37,933 | INFO     | slob.live.order_executor  | ✅ Connected to IB: 127.0.0.1:4002
2025-12-18 16:06:38,098 | INFO     | slob.live.order_executor  | ✅ NQ contract resolved: NQZ5
2025-12-18 16:06:38,098 | INFO     | slob.live.order_executor  | ✅ OrderExecutor initialized
2025-12-18 16:06:38,098 | INFO     | __main__                  | ✅ Connected successfully!
2025-12-18 16:06:38,098 | INFO     | __main__                  | Starting paper trading for 24.0 hours...
2025-12-18 16:06:38,098 | INFO     | __main__                  | Monitoring for 5/1 SLOB setups...
2025-12-18 16:06:38,099 | INFO     | __main__                  | Press Ctrl+C to stop
2025-12-18 16:06:38,099 | INFO     | slob.live.live_trading_engine | 🟢 Engine loop started. Waiting for market data...
2025-12-18 16:07:38,102 | INFO     | slob.live.live_trading_engine | 💓 Engine heartbeat - Running...
2025-12-18 16:08:04,222 | WARNING  | slob.live.candle_aggregator | Gap detected for NQ: 1 minutes (2025-12-18 15:06:00+00:00 -> 2025-12-18 15:08:00+00:00). Filling with flat candles.
2025-12-18 16:08:38,107 | INFO     | slob.live.live_trading_engine | 💓 Engine heartbeat - Running...
2025-12-18 16:09:04,107 | WARNING  | slob.live.candle_aggregator | Gap detected for NQ: 1 minutes (2025-12-18 15:07:00+00:00 -> 2025-12-18 15:09:00+00:00). Filling with flat candles.
2025-12-18 16:09:38,111 | INFO     | slob.live.live_trading_engine | 💓 Engine heartbeat - Running...
2025-12-18 16:10:04,162 | WARNING  | slob.live.candle_aggregator | Gap detected for NQ: 1 minutes (2025-12-18 15:08:00+00:00 -> 2025-12-18 15:10:00+00:00). Filling with flat candles.
2025-12-18 16:10:38,115 | INFO     | slob.live.live_trading_engine | 💓 Engine heartbeat - Running...
2025-12-18 16:11:04,319 | WARNING  | slob.live.candle_aggregator | Gap detected for NQ: 1 minutes (2025-12-18 15:09:00+00:00 -> 2025-12-18 15:11:00+00:00). Filling with flat candles.
2025-12-18 16:11:38,219 | INFO     | slob.live.live_trading_engine | 💓 Engine heartbeat - Running...
2025-12-18 16:12:02,273 | WARNING  | slob.live.candle_aggregator | Gap detected for NQ: 1 minutes (2025-12-18 15:10:00+00:00 -> 2025-12-18 15:12:00+00:00). Filling with flat candles.
2025-12-18 16:12:38,223 | INFO     | slob.live.live_trading_engine | 💓 Engine heartbeat - Running...
2025-12-18 16:13:04,330 | WARNING  | slob.live.candle_aggregator | Gap detected for NQ: 1 minutes (2025-12-18 15:11:00+00:00 -> 2025-12-18 15:13:00+00:00). Filling with flat candles.
2025-12-18 16:13:38,229 | INFO     | slob.live.live_trading_engine | 💓 Engine heartbeat - Running...
2025-12-18 16:14:03,312 | WARNING  | slob.live.candle_aggregator | Gap detected for NQ: 1 minutes (2025-12-18 15:12:00+00:00 -> 2025-12-18 15:14:00+00:00). Filling with flat candles.
2025-12-18 16:14:38,235 | INFO     | slob.live.live_trading_engine | 💓 Engine heartbeat - Running...
2025-12-18 16:15:04,238 | WARNING  | slob.live.candle_aggregator | Gap detected for NQ: 1 minutes (2025-12-18 15:13:00+00:00 -> 2025-12-18 15:15:00+00:00). Filling with flat candles.
2025-12-18 16:15:38,240 | INFO     | slob.live.live_trading_engine | 💓 Engine heartbeat - Running...
2025-12-18 16:16:04,262 | WARNING  | slob.live.candle_aggregator | Gap detected for NQ: 1 minutes (2025-12-18 15:14:00+00:00 -> 2025-12-18 15:16:00+00:00). Filling with flat candles.
2025-12-18 16:16:38,245 | INFO     | slob.live.live_trading_engine | 💓 Engine heartbeat - Running...
2025-12-18 16:17:04,257 | WARNING  | slob.live.candle_aggregator | Gap detected for NQ: 1 minutes (2025-12-18 15:15:00+00:00 -> 2025-12-18 15:17:00+00:00). Filling with flat candles.
2025-12-18 16:17:38,250 | INFO     | slob.live.live_trading_engine | 💓 Engine heartbeat - Running...
2025-12-18 16:18:04,264 | WARNING  | slob.live.candle_aggregator | Gap detected for NQ: 1 minutes (2025-12-18 15:16:00+00:00 -> 2025-12-18 15:18:00+00:00). Filling with flat candles.
2025-12-18 16:18:38,257 | INFO     | slob.live.live_trading_engine | 💓 Engine heartbeat - Running...
2025-12-18 16:19:03,350 | WARNING  | slob.live.candle_aggregator | Gap detected for NQ: 1 minutes (2025-12-18 15:17:00+00:00 -> 2025-12-18 15:19:00+00:00). Filling with flat candles.
2025-12-18 16:19:38,261 | INFO     | slob.live.live_trading_engine | 💓 Engine heartbeat - Running...
2025-12-18 16:20:04,288 | WARNING  | slob.live.candle_aggregator | Gap detected for NQ: 1 minutes (2025-12-18 15:18:00+00:00 -> 2025-12-18 15:20:00+00:00). Filling with flat candles.
2025-12-18 16:20:38,265 | INFO     | slob.live.live_trading_engine | 💓 Engine heartbeat - Running...
2025-12-18 16:21:04,288 | WARNING  | slob.live.candle_aggregator | Gap detected for NQ: 1 minutes (2025-12-18 15:19:00+00:00 -> 2025-12-18 15:21:00+00:00). Filling with flat candles.
2025-12-18 16:21:38,268 | INFO     | slob.live.live_trading_engine | 💓 Engine heartbeat - Running...
2025-12-18 16:22:04,398 | WARNING  | slob.live.candle_aggregator | Gap detected for NQ: 1 minutes (2025-12-18 15:20:00+00:00 -> 2025-12-18 15:22:00+00:00). Filling with flat candles.
2025-12-18 16:22:38,274 | INFO     | slob.live.live_trading_engine | 💓 Engine heartbeat - Running...
2025-12-18 16:23:04,218 | WARNING  | slob.live.candle_aggregator | Gap detected for NQ: 1 minutes (2025-12-18 15:21:00+00:00 -> 2025-12-18 15:23:00+00:00). Filling with flat candles.
2025-12-18 16:23:38,278 | INFO     | slob.live.live_trading_engine | 💓 Engine heartbeat - Running...
2025-12-18 16:24:02,261 | WARNING  | slob.live.candle_aggregator | Gap detected for NQ: 1 minutes (2025-12-18 15:22:00+00:00 -> 2025-12-18 15:24:00+00:00). Filling with flat candles.
2025-12-18 16:24:38,282 | INFO     | slob.live.live_trading_engine | 💓 Engine heartbeat - Running...
2025-12-18 16:25:03,305 | WARNING  | slob.live.candle_aggregator | Gap detected for NQ: 1 minutes (2025-12-18 15:23:00+00:00 -> 2025-12-18 15:25:00+00:00). Filling with flat candles.
2025-12-18 16:25:38,288 | INFO     | slob.live.live_trading_engine | 💓 Engine heartbeat - Running...
2025-12-18 16:26:04,270 | WARNING  | slob.live.candle_aggregator | Gap detected for NQ: 1 minutes (2025-12-18 15:24:00+00:00 -> 2025-12-18 15:26:00+00:00). Filling with flat candles.
2025-12-18 16:26:38,119 | INFO     | slob.live.live_trading_engine | 💓 Engine heartbeat - Running...
2025-12-18 16:27:04,160 | WARNING  | slob.live.candle_aggregator | Gap detected for NQ: 1 minutes (2025-12-18 15:25:00+00:00 -> 2025-12-18 15:27:00+00:00). Filling with flat candles.
2025-12-18 16:27:38,125 | INFO     | slob.live.live_trading_engine | 💓 Engine heartbeat - Running...
2025-12-18 16:28:04,167 | WARNING  | slob.live.candle_aggregator | Gap detected for NQ: 1 minutes (2025-12-18 15:26:00+00:00 -> 2025-12-18 15:28:00+00:00). Filling with flat candles.
2025-12-18 16:28:38,128 | INFO     | slob.live.live_trading_engine | 💓 Engine heartbeat - Running...
2025-12-18 16:29:04,074 | WARNING  | slob.live.candle_aggregator | Gap detected for NQ: 1 minutes (2025-12-18 15:27:00+00:00 -> 2025-12-18 15:29:00+00:00). Filling with flat candles.
2025-12-18 16:29:38,133 | INFO     | slob.live.live_trading_engine | 💓 Engine heartbeat - Running...
2025-12-18 16:30:04,081 | WARNING  | slob.live.candle_aggregator | Gap detected for NQ: 1 minutes (2025-12-18 15:28:00+00:00 -> 2025-12-18 15:30:00+00:00). Filling with flat candles.
2025-12-18 16:30:38,138 | INFO     | slob.live.live_trading_engine | 💓 Engine heartbeat - Running...
2025-12-18 16:31:04,088 | WARNING  | slob.live.candle_aggregator | Gap detected for NQ: 1 minutes (2025-12-18 15:29:00+00:00 -> 2025-12-18 15:31:00+00:00). Filling with flat candles.
2025-12-18 16:31:38,143 | INFO     | slob.live.live_trading_engine | 💓 Engine heartbeat - Running...
2025-12-18 16:32:04,095 | WARNING  | slob.live.candle_aggregator | Gap detected for NQ: 1 minutes (2025-12-18 15:30:00+00:00 -> 2025-12-18 15:32:00+00:00). Filling with flat candles.
2025-12-18 16:32:38,146 | INFO     | slob.live.live_trading_engine | 💓 Engine heartbeat - Running...
2025-12-18 16:33:04,125 | WARNING  | slob.live.candle_aggregator | Gap detected for NQ: 1 minutes (2025-12-18 15:31:00+00:00 -> 2025-12-18 15:33:00+00:00). Filling with flat candles.
2025-12-18 16:33:38,151 | INFO     | slob.live.live_trading_engine | 💓 Engine heartbeat - Running...
2025-12-18 16:34:04,213 | WARNING  | slob.live.candle_aggregator | Gap detected for NQ: 1 minutes (2025-12-18 15:32:00+00:00 -> 2025-12-18 15:34:00+00:00). Filling with flat candles.
2025-12-18 16:34:38,155 | INFO     | slob.live.live_trading_engine | 💓 Engine heartbeat - Running...
2025-12-18 16:35:04,117 | WARNING  | slob.live.candle_aggregator | Gap detected for NQ: 1 minutes (2025-12-18 15:33:00+00:00 -> 2025-12-18 15:35:00+00:00). Filling with flat candles.
2025-12-18 16:35:38,163 | INFO     | slob.live.live_trading_engine | 💓 Engine heartbeat - Running...
2025-12-18 16:36:04,080 | WARNING  | slob.live.candle_aggregator | Gap detected for NQ: 1 minutes (2025-12-18 15:34:00+00:00 -> 2025-12-18 15:36:00+00:00). Filling with flat candles.
2025-12-18 16:36:38,171 | INFO     | slob.live.live_trading_engine | 💓 Engine heartbeat - Running...
2025-12-18 16:37:04,236 | WARNING  | slob.live.candle_aggregator | Gap detected for NQ: 1 minutes (2025-12-18 15:35:00+00:00 -> 2025-12-18 15:37:00+00:00). Filling with flat candles.
2025-12-18 16:37:38,175 | INFO     | slob.live.live_trading_engine | 💓 Engine heartbeat - Running...
2025-12-18 16:38:02,128 | WARNING  | slob.live.candle_aggregator | Gap detected for NQ: 1 minutes (2025-12-18 15:36:00+00:00 -> 2025-12-18 15:38:00+00:00). Filling with flat candles.
2025-12-18 16:38:38,179 | INFO     | slob.live.live_trading_engine | 💓 Engine heartbeat - Running...
2025-12-18 16:39:04,100 | WARNING  | slob.live.candle_aggregator | Gap detected for NQ: 1 minutes (2025-12-18 15:37:00+00:00 -> 2025-12-18 15:39:00+00:00). Filling with flat candles.
2025-12-18 16:39:38,204 | INFO     | slob.live.live_trading_engine | 💓 Engine heartbeat - Running...
2025-12-18 16:40:04,172 | WARNING  | slob.live.candle_aggregator | Gap detected for NQ: 1 minutes (2025-12-18 15:38:00+00:00 -> 2025-12-18 15:40:00+00:00). Filling with flat candles.
2025-12-18 16:40:38,211 | INFO     | slob.live.live_trading_engine | 💓 Engine heartbeat - Running...
2025-12-18 16:41:04,068 | WARNING  | slob.live.candle_aggregator | Gap detected for NQ: 1 minutes (2025-12-18 15:39:00+00:00 -> 2025-12-18 15:41:00+00:00). Filling with flat candles.
2025-12-18 16:41:38,219 | INFO     | slob.live.live_trading_engine | 💓 Engine heartbeat - Running...
2025-12-18 16:42:04,078 | WARNING  | slob.live.candle_aggregator | Gap detected for NQ: 1 minutes (2025-12-18 15:40:00+00:00 -> 2025-12-18 15:42:00+00:00). Filling with flat candles.
2025-12-18 16:42:38,201 | INFO     | slob.live.live_trading_engine | 💓 Engine heartbeat - Running...
2025-12-18 16:43:03,063 | WARNING  | slob.live.candle_aggregator | Gap detected for NQ: 1 minutes (2025-12-18 15:41:00+00:00 -> 2025-12-18 15:43:00+00:00). Filling with flat candles.
2025-12-18 16:43:38,195 | INFO     | slob.live.live_trading_engine | 💓 Engine heartbeat - Running...
2025-12-18 16:44:03,148 | WARNING  | slob.live.candle_aggregator | Gap detected for NQ: 1 minutes (2025-12-18 15:42:00+00:00 -> 2025-12-18 15:44:00+00:00). Filling with flat candles.
2025-12-18 16:44:38,197 | INFO     | slob.live.live_trading_engine | 💓 Engine heartbeat - Running...
2025-12-18 16:45:00,160 | WARNING  | slob.live.candle_aggregator | Gap detected for NQ: 1 minutes (2025-12-18 15:43:00+00:00 -> 2025-12-18 15:45:00+00:00). Filling with flat candles.
2025-12-18 16:45:38,199 | INFO     | slob.live.live_trading_engine | 💓 Engine heartbeat - Running...
2025-12-18 16:46:04,157 | WARNING  | slob.live.candle_aggregator | Gap detected for NQ: 1 minutes (2025-12-18 15:44:00+00:00 -> 2025-12-18 15:46:00+00:00). Filling with flat candles.
2025-12-18 16:46:38,200 | INFO     | slob.live.live_trading_engine | 💓 Engine heartbeat - Running...
2025-12-18 16:47:00,064 | WARNING  | slob.live.candle_aggregator | Gap detected for NQ: 1 minutes (2025-12-18 15:45:00+00:00 -> 2025-12-18 15:47:00+00:00). Filling with flat candles.
2025-12-18 16:47:38,201 | INFO     | slob.live.live_trading_engine | 💓 Engine heartbeat - Running...
2025-12-18 16:48:03,141 | WARNING  | slob.live.candle_aggregator | Gap detected for NQ: 1 minutes (2025-12-18 15:46:00+00:00 -> 2025-12-18 15:48:00+00:00). Filling with flat candles.
2025-12-18 16:48:38,202 | INFO     | slob.live.live_trading_engine | 💓 Engine heartbeat - Running...
2025-12-18 16:49:01,198 | WARNING  | slob.live.candle_aggregator | Gap detected for NQ: 1 minutes (2025-12-18 15:47:00+00:00 -> 2025-12-18 15:49:00+00:00). Filling with flat candles.
2025-12-18 16:49:38,200 | INFO     | slob.live.live_trading_engine | 💓 Engine heartbeat - Running...
2025-12-18 16:50:01,201 | WARNING  | slob.live.candle_aggregator | Gap detected for NQ: 1 minutes (2025-12-18 15:48:00+00:00 -> 2025-12-18 15:50:00+00:00). Filling with flat candles.
2025-12-18 16:50:38,201 | INFO     | slob.live.live_trading_engine | 💓 Engine heartbeat - Running...
2025-12-18 16:51:01,100 | WARNING  | slob.live.candle_aggregator | Gap detected for NQ: 1 minutes (2025-12-18 15:49:00+00:00 -> 2025-12-18 15:51:00+00:00). Filling with flat candles.
2025-12-18 16:51:38,200 | INFO     | slob.live.live_trading_engine | 💓 Engine heartbeat - Running...
2025-12-18 16:52:01,104 | WARNING  | slob.live.candle_aggregator | Gap detected for NQ: 1 minutes (2025-12-18 15:50:00+00:00 -> 2025-12-18 15:52:00+00:00). Filling with flat candles.
2025-12-18 16:52:38,211 | INFO     | slob.live.live_trading_engine | 💓 Engine heartbeat - Running...
2025-12-18 16:53:01,062 | WARNING  | slob.live.candle_aggregator | Gap detected for NQ: 1 minutes (2025-12-18 15:51:00+00:00 -> 2025-12-18 15:53:00+00:00). Filling with flat candles.
2025-12-18 16:53:38,225 | INFO     | slob.live.live_trading_engine | 💓 Engine heartbeat - Running...
2025-12-18 16:54:01,059 | WARNING  | slob.live.candle_aggregator | Gap detected for NQ: 1 minutes (2025-12-18 15:52:00+00:00 -> 2025-12-18 15:54:00+00:00). Filling with flat candles.
2025-12-18 16:54:38,227 | INFO     | slob.live.live_trading_engine | 💓 Engine heartbeat - Running...
2025-12-18 16:55:01,115 | WARNING  | slob.live.candle_aggregator | Gap detected for NQ: 1 minutes (2025-12-18 15:53:00+00:00 -> 2025-12-18 15:55:00+00:00). Filling with flat candles.
2025-12-18 16:55:38,227 | INFO     | slob.live.live_trading_engine | 💓 Engine heartbeat - Running...
2025-12-18 16:56:01,017 | WARNING  | slob.live.candle_aggregator | Gap detected for NQ: 1 minutes (2025-12-18 15:54:00+00:00 -> 2025-12-18 15:56:00+00:00). Filling with flat candles.
2025-12-18 16:56:38,231 | INFO     | slob.live.live_trading_engine | 💓 Engine heartbeat - Running...
2025-12-18 16:57:01,065 | WARNING  | slob.live.candle_aggregator | Gap detected for NQ: 1 minutes (2025-12-18 15:55:00+00:00 -> 2025-12-18 15:57:00+00:00). Filling with flat candles.
2025-12-18 16:57:38,253 | INFO     | slob.live.live_trading_engine | 💓 Engine heartbeat - Running...
2025-12-18 16:58:01,060 | WARNING  | slob.live.candle_aggregator | Gap detected for NQ: 1 minutes (2025-12-18 15:56:00+00:00 -> 2025-12-18 15:58:00+00:00). Filling with flat candles.
2025-12-18 16:58:38,275 | INFO     | slob.live.live_trading_engine | 💓 Engine heartbeat - Running...
2025-12-18 16:59:01,062 | WARNING  | slob.live.candle_aggregator | Gap detected for NQ: 1 minutes (2025-12-18 15:57:00+00:00 -> 2025-12-18 15:59:00+00:00). Filling with flat candles.
2025-12-18 16:59:38,279 | INFO     | slob.live.live_trading_engine | 💓 Engine heartbeat - Running...
2025-12-18 17:00:01,078 | WARNING  | slob.live.candle_aggregator | Gap detected for NQ: 1 minutes (2025-12-18 15:58:00+00:00 -> 2025-12-18 16:00:00+00:00). Filling with flat candles.
2025-12-18 17:00:38,280 | INFO     | slob.live.live_trading_engine | 💓 Engine heartbeat - Running...
2025-12-18 17:01:01,063 | WARNING  | slob.live.candle_aggregator | Gap detected for NQ: 1 minutes (2025-12-18 15:59:00+00:00 -> 2025-12-18 16:01:00+00:00). Filling with flat candles.
2025-12-18 17:01:38,280 | INFO     | slob.live.live_trading_engine | 💓 Engine heartbeat - Running...
2025-12-18 17:02:01,071 | WARNING  | slob.live.candle_aggregator | Gap detected for NQ: 1 minutes (2025-12-18 16:00:00+00:00 -> 2025-12-18 16:02:00+00:00). Filling with flat candles.
2025-12-18 17:02:38,283 | INFO     | slob.live.live_trading_engine | 💓 Engine heartbeat - Running...
2025-12-18 17:03:01,050 | WARNING  | slob.live.candle_aggregator | Gap detected for NQ: 1 minutes (2025-12-18 16:01:00+00:00 -> 2025-12-18 16:03:00+00:00). Filling with flat candles.
2025-12-18 17:03:38,288 | INFO     | slob.live.live_trading_engine | 💓 Engine heartbeat - Running...
2025-12-18 17:04:01,073 | WARNING  | slob.live.candle_aggregator | Gap detected for NQ: 1 minutes (2025-12-18 16:02:00+00:00 -> 2025-12-18 16:04:00+00:00). Filling with flat candles.
2025-12-18 17:04:38,287 | INFO     | slob.live.live_trading_engine | 💓 Engine heartbeat - Running...
2025-12-18 17:05:01,079 | WARNING  | slob.live.candle_aggregator | Gap detected for NQ: 1 minutes (2025-12-18 16:03:00+00:00 -> 2025-12-18 16:05:00+00:00). Filling with flat candles.
2025-12-18 17:05:38,289 | INFO     | slob.live.live_trading_engine | 💓 Engine heartbeat - Running...
2025-12-18 17:06:01,037 | WARNING  | slob.live.candle_aggregator | Gap detected for NQ: 1 minutes (2025-12-18 16:04:00+00:00 -> 2025-12-18 16:06:00+00:00). Filling with flat candles.
2025-12-18 17:06:38,291 | INFO     | slob.live.live_trading_engine | 💓 Engine heartbeat - Running...
2025-12-18 17:07:01,085 | WARNING  | slob.live.candle_aggregator | Gap detected for NQ: 1 minutes (2025-12-18 16:05:00+00:00 -> 2025-12-18 16:07:00+00:00). Filling with flat candles.
2025-12-18 17:07:38,292 | INFO     | slob.live.live_trading_engine | 💓 Engine heartbeat - Running...
2025-12-18 17:08:01,089 | WARNING  | slob.live.candle_aggregator | Gap detected for NQ: 1 minutes (2025-12-18 16:06:00+00:00 -> 2025-12-18 16:08:00+00:00). Filling with flat candles.
2025-12-18 17:08:38,299 | INFO     | slob.live.live_trading_engine | 💓 Engine heartbeat - Running...
2025-12-18 17:09:01,093 | WARNING  | slob.live.candle_aggregator | Gap detected for NQ: 1 minutes (2025-12-18 16:07:00+00:00 -> 2025-12-18 16:09:00+00:00). Filling with flat candles.
2025-12-18 17:09:38,299 | INFO     | slob.live.live_trading_engine | 💓 Engine heartbeat - Running...
2025-12-18 17:10:01,101 | WARNING  | slob.live.candle_aggregator | Gap detected for NQ: 1 minutes (2025-12-18 16:08:00+00:00 -> 2025-12-18 16:10:00+00:00). Filling with flat candles.
2025-12-18 17:10:38,300 | INFO     | slob.live.live_trading_engine | 💓 Engine heartbeat - Running...
2025-12-18 17:11:01,151 | WARNING  | slob.live.candle_aggregator | Gap detected for NQ: 1 minutes (2025-12-18 16:09:00+00:00 -> 2025-12-18 16:11:00+00:00). Filling with flat candles.
2025-12-18 17:11:38,305 | INFO     | slob.live.live_trading_engine | 💓 Engine heartbeat - Running...
2025-12-18 17:12:01,097 | WARNING  | slob.live.candle_aggregator | Gap detected for NQ: 1 minutes (2025-12-18 16:10:00+00:00 -> 2025-12-18 16:12:00+00:00). Filling with flat candles.
2025-12-18 17:12:38,313 | INFO     | slob.live.live_trading_engine | 💓 Engine heartbeat - Running...
2025-12-18 17:13:01,168 | WARNING  | slob.live.candle_aggregator | Gap detected for NQ: 1 minutes (2025-12-18 16:11:00+00:00 -> 2025-12-18 16:13:00+00:00). Filling with flat candles.
2025-12-18 17:13:38,320 | INFO     | slob.live.live_trading_engine | 💓 Engine heartbeat - Running...
2025-12-18 17:14:01,112 | WARNING  | slob.live.candle_aggregator | Gap detected for NQ: 1 minutes (2025-12-18 16:12:00+00:00 -> 2025-12-18 16:14:00+00:00). Filling with flat candles.
2025-12-18 17:14:38,320 | INFO     | slob.live.live_trading_engine | 💓 Engine heartbeat - Running...
2025-12-18 17:15:01,221 | WARNING  | slob.live.candle_aggregator | Gap detected for NQ: 1 minutes (2025-12-18 16:13:00+00:00 -> 2025-12-18 16:15:00+00:00). Filling with flat candles.
2025-12-18 17:15:38,318 | INFO     | slob.live.live_trading_engine | 💓 Engine heartbeat - Running...
2025-12-18 17:16:02,040 | WARNING  | slob.live.candle_aggregator | Gap detected for NQ: 1 minutes (2025-12-18 16:14:00+00:00 -> 2025-12-18 16:16:00+00:00). Filling with flat candles.
2025-12-18 17:16:38,319 | INFO     | slob.live.live_trading_engine | 💓 Engine heartbeat - Running...
2025-12-18 17:17:02,046 | WARNING  | slob.live.candle_aggregator | Gap detected for NQ: 1 minutes (2025-12-18 16:15:00+00:00 -> 2025-12-18 16:17:00+00:00). Filling with flat candles.
2025-12-18 17:17:38,319 | INFO     | slob.live.live_trading_engine | 💓 Engine heartbeat - Running...
2025-12-18 17:18:02,045 | WARNING  | slob.live.candle_aggregator | Gap detected for NQ: 1 minutes (2025-12-18 16:16:00+00:00 -> 2025-12-18 16:18:00+00:00). Filling with flat candles.
2025-12-18 17:18:38,321 | INFO     | slob.live.live_trading_engine | 💓 Engine heartbeat - Running...
2025-12-18 17:19:02,067 | WARNING  | slob.live.candle_aggregator | Gap detected for NQ: 1 minutes (2025-12-18 16:17:00+00:00 -> 2025-12-18 16:19:00+00:00). Filling with flat candles.
2025-12-18 17:19:38,320 | INFO     | slob.live.live_trading_engine | 💓 Engine heartbeat - Running...
2025-12-18 17:20:02,051 | WARNING  | slob.live.candle_aggregator | Gap detected for NQ: 1 minutes (2025-12-18 16:18:00+00:00 -> 2025-12-18 16:20:00+00:00). Filling with flat candles.
2025-12-18 17:20:38,318 | INFO     | slob.live.live_trading_engine | 💓 Engine heartbeat - Running...
2025-12-18 17:21:02,053 | WARNING  | slob.live.candle_aggregator | Gap detected for NQ: 1 minutes (2025-12-18 16:19:00+00:00 -> 2025-12-18 16:21:00+00:00). Filling with flat candles.
2025-12-18 17:21:38,315 | INFO     | slob.live.live_trading_engine | 💓 Engine heartbeat - Running...
2025-12-18 17:22:00,072 | WARNING  | slob.live.candle_aggregator | Gap detected for NQ: 1 minutes (2025-12-18 16:20:00+00:00 -> 2025-12-18 16:22:00+00:00). Filling with flat candles.
2025-12-18 17:22:38,318 | INFO     | slob.live.live_trading_engine | 💓 Engine heartbeat - Running...
2025-12-18 17:23:00,099 | WARNING  | slob.live.candle_aggregator | Gap detected for NQ: 1 minutes (2025-12-18 16:21:00+00:00 -> 2025-12-18 16:23:00+00:00). Filling with flat candles.
2025-12-18 17:23:38,324 | INFO     | slob.live.live_trading_engine | 💓 Engine heartbeat - Running...
2025-12-18 17:24:00,092 | WARNING  | slob.live.candle_aggregator | Gap detected for NQ: 1 minutes (2025-12-18 16:22:00+00:00 -> 2025-12-18 16:24:00+00:00). Filling with flat candles.
2025-12-18 17:24:38,330 | INFO     | slob.live.live_trading_engine | 💓 Engine heartbeat - Running...
2025-12-18 17:25:00,041 | WARNING  | slob.live.candle_aggregator | Gap detected for NQ: 1 minutes (2025-12-18 16:23:00+00:00 -> 2025-12-18 16:25:00+00:00). Filling with flat candles.
2025-12-18 17:25:38,330 | INFO     | slob.live.live_trading_engine | 💓 Engine heartbeat - Running...
2025-12-18 17:26:03,943 | WARNING  | slob.live.candle_aggregator | Gap detected for NQ: 1 minutes (2025-12-18 16:24:00+00:00 -> 2025-12-18 16:26:00+00:00). Filling with flat candles.
2025-12-18 17:26:38,329 | INFO     | slob.live.live_trading_engine | 💓 Engine heartbeat - Running...
2025-12-18 17:27:02,984 | WARNING  | slob.live.candle_aggregator | Gap detected for NQ: 1 minutes (2025-12-18 16:25:00+00:00 -> 2025-12-18 16:27:00+00:00). Filling with flat candles.
2025-12-18 17:27:38,327 | INFO     | slob.live.live_trading_engine | 💓 Engine heartbeat - Running...
2025-12-18 17:28:03,931 | WARNING  | slob.live.candle_aggregator | Gap detected for NQ: 1 minutes (2025-12-18 16:26:00+00:00 -> 2025-12-18 16:28:00+00:00). Filling with flat candles.
2025-12-18 17:28:38,327 | INFO     | slob.live.live_trading_engine | 💓 Engine heartbeat - Running...
2025-12-18 17:29:00,127 | WARNING  | slob.live.candle_aggregator | Gap detected for NQ: 1 minutes (2025-12-18 16:27:00+00:00 -> 2025-12-18 16:29:00+00:00). Filling with flat candles.
2025-12-18 17:29:38,327 | INFO     | slob.live.live_trading_engine | 💓 Engine heartbeat - Running...
2025-12-18 17:30:00,044 | WARNING  | slob.live.candle_aggregator | Gap detected for NQ: 1 minutes (2025-12-18 16:28:00+00:00 -> 2025-12-18 16:30:00+00:00). Filling with flat candles.
2025-12-18 17:30:38,330 | INFO     | slob.live.live_trading_engine | 💓 Engine heartbeat - Running...
2025-12-18 17:31:04,017 | WARNING  | slob.live.candle_aggregator | Gap detected for NQ: 1 minutes (2025-12-18 16:29:00+00:00 -> 2025-12-18 16:31:00+00:00). Filling with flat candles.
2025-12-18 17:31:38,338 | INFO     | slob.live.live_trading_engine | 💓 Engine heartbeat - Running...
2025-12-18 17:32:00,130 | WARNING  | slob.live.candle_aggregator | Gap detected for NQ: 1 minutes (2025-12-18 16:30:00+00:00 -> 2025-12-18 16:32:00+00:00). Filling with flat candles.
2025-12-18 17:32:38,338 | INFO     | slob.live.live_trading_engine | 💓 Engine heartbeat - Running...
2025-12-18 17:33:03,911 | WARNING  | slob.live.candle_aggregator | Gap detected for NQ: 1 minutes (2025-12-18 16:31:00+00:00 -> 2025-12-18 16:33:00+00:00). Filling with flat candles.
2025-12-18 17:33:38,336 | INFO     | slob.live.live_trading_engine | 💓 Engine heartbeat - Running...
2025-12-18 17:34:00,082 | WARNING  | slob.live.candle_aggregator | Gap detected for NQ: 1 minutes (2025-12-18 16:32:00+00:00 -> 2025-12-18 16:34:00+00:00). Filling with flat candles.
2025-12-18 17:34:38,335 | INFO     | slob.live.live_trading_engine | 💓 Engine heartbeat - Running...
2025-12-18 17:35:02,985 | WARNING  | slob.live.candle_aggregator | Gap detected for NQ: 1 minutes (2025-12-18 16:33:00+00:00 -> 2025-12-18 16:35:00+00:00). Filling with flat candles.
2025-12-18 17:35:38,333 | INFO     | slob.live.live_trading_engine | 💓 Engine heartbeat - Running...
2025-12-18 17:36:00,050 | WARNING  | slob.live.candle_aggregator | Gap detected for NQ: 1 minutes (2025-12-18 16:34:00+00:00 -> 2025-12-18 16:36:00+00:00). Filling with flat candles.
2025-12-18 17:36:38,332 | INFO     | slob.live.live_trading_engine | 💓 Engine heartbeat - Running...
2025-12-18 17:37:00,072 | WARNING  | slob.live.candle_aggregator | Gap detected for NQ: 1 minutes (2025-12-18 16:35:00+00:00 -> 2025-12-18 16:37:00+00:00). Filling with flat candles.
2025-12-18 17:37:38,344 | INFO     | slob.live.live_trading_engine | 💓 Engine heartbeat - Running...
2025-12-18 17:38:00,097 | WARNING  | slob.live.candle_aggregator | Gap detected for NQ: 1 minutes (2025-12-18 16:36:00+00:00 -> 2025-12-18 16:38:00+00:00). Filling with flat candles.
2025-12-18 17:38:38,367 | INFO     | slob.live.live_trading_engine | 💓 Engine heartbeat - Running...
2025-12-18 17:39:00,049 | WARNING  | slob.live.candle_aggregator | Gap detected for NQ: 1 minutes (2025-12-18 16:37:00+00:00 -> 2025-12-18 16:39:00+00:00). Filling with flat candles.
2025-12-18 17:39:38,378 | INFO     | slob.live.live_trading_engine | 💓 Engine heartbeat - Running...
2025-12-18 17:40:03,888 | WARNING  | slob.live.candle_aggregator | Gap detected for NQ: 1 minutes (2025-12-18 16:38:00+00:00 -> 2025-12-18 16:40:00+00:00). Filling with flat candles.
2025-12-18 17:40:38,386 | INFO     | slob.live.live_trading_engine | 💓 Engine heartbeat - Running...
2025-12-18 17:41:00,062 | WARNING  | slob.live.candle_aggregator | Gap detected for NQ: 1 minutes (2025-12-18 16:39:00+00:00 -> 2025-12-18 16:41:00+00:00). Filling with flat candles.
2025-12-18 17:41:38,384 | INFO     | slob.live.live_trading_engine | 💓 Engine heartbeat - Running...
2025-12-18 17:42:04,041 | WARNING  | slob.live.candle_aggregator | Gap detected for NQ: 1 minutes (2025-12-18 16:40:00+00:00 -> 2025-12-18 16:42:00+00:00). Filling with flat candles.
2025-12-18 17:42:38,385 | INFO     | slob.live.live_trading_engine | 💓 Engine heartbeat - Running...
2025-12-18 17:43:03,021 | WARNING  | slob.live.candle_aggregator | Gap detected for NQ: 1 minutes (2025-12-18 16:41:00+00:00 -> 2025-12-18 16:43:00+00:00). Filling with flat candles.
2025-12-18 17:43:38,393 | INFO     | slob.live.live_trading_engine | 💓 Engine heartbeat - Running...
2025-12-18 17:44:03,894 | WARNING  | slob.live.candle_aggregator | Gap detected for NQ: 1 minutes (2025-12-18 16:42:00+00:00 -> 2025-12-18 16:44:00+00:00). Filling with flat candles.
2025-12-18 17:44:38,393 | INFO     | slob.live.live_trading_engine | 💓 Engine heartbeat - Running...
2025-12-18 17:45:02,884 | WARNING  | slob.live.candle_aggregator | Gap detected for NQ: 1 minutes (2025-12-18 16:43:00+00:00 -> 2025-12-18 16:45:00+00:00). Filling with flat candles.
2025-12-18 17:45:38,397 | INFO     | slob.live.live_trading_engine | 💓 Engine heartbeat - Running...
2025-12-18 17:46:03,948 | WARNING  | slob.live.candle_aggregator | Gap detected for NQ: 1 minutes (2025-12-18 16:44:00+00:00 -> 2025-12-18 16:46:00+00:00). Filling with flat candles.
2025-12-18 17:46:38,396 | INFO     | slob.live.live_trading_engine | 💓 Engine heartbeat - Running...
2025-12-18 17:47:00,875 | WARNING  | slob.live.candle_aggregator | Gap detected for NQ: 1 minutes (2025-12-18 16:45:00+00:00 -> 2025-12-18 16:47:00+00:00). Filling with flat candles.
2025-12-18 17:47:38,393 | INFO     | slob.live.live_trading_engine | 💓 Engine heartbeat - Running...
2025-12-18 17:48:00,987 | WARNING  | slob.live.candle_aggregator | Gap detected for NQ: 1 minutes (2025-12-18 16:46:00+00:00 -> 2025-12-18 16:48:00+00:00). Filling with flat candles.
2025-12-18 17:48:38,395 | INFO     | slob.live.live_trading_engine | 💓 Engine heartbeat - Running...
2025-12-18 17:49:03,964 | WARNING  | slob.live.candle_aggregator | Gap detected for NQ: 1 minutes (2025-12-18 16:47:00+00:00 -> 2025-12-18 16:49:00+00:00). Filling with flat candles.
2025-12-18 17:49:38,406 | INFO     | slob.live.live_trading_engine | 💓 Engine heartbeat - Running...
2025-12-18 17:50:03,961 | WARNING  | slob.live.candle_aggregator | Gap detected for NQ: 1 minutes (2025-12-18 16:48:00+00:00 -> 2025-12-18 16:50:00+00:00). Filling with flat candles.
2025-12-18 17:50:38,412 | INFO     | slob.live.live_trading_engine | 💓 Engine heartbeat - Running...
2025-12-18 17:51:00,839 | WARNING  | slob.live.candle_aggregator | Gap detected for NQ: 1 minutes (2025-12-18 16:49:00+00:00 -> 2025-12-18 16:51:00+00:00). Filling with flat candles.
2025-12-18 17:51:38,416 | INFO     | slob.live.live_trading_engine | 💓 Engine heartbeat - Running...
2025-12-18 17:52:02,849 | WARNING  | slob.live.candle_aggregator | Gap detected for NQ: 1 minutes (2025-12-18 16:50:00+00:00 -> 2025-12-18 16:52:00+00:00). Filling with flat candles.
2025-12-18 17:52:35,966 | INFO     | __main__                  | Shutting down...
2025-12-18 17:52:35,975 | INFO     | slob.live.live_trading_engine | 🛑 Shutting down Engine...
2025-12-18 17:52:35,991 | INFO     | ib_insync.ib              | Disconnecting from 127.0.0.1:4002, 306 B sent in 12 messages, 156 kB received in 5650 messages, session time 6.36 ks.
2025-12-18 17:52:35,993 | INFO     | ib_insync.client          | Disconnecting
2025-12-18 17:52:36,004 | INFO     | ib_insync.ib              | Disconnecting from 127.0.0.1:4002, 225 B sent in 10 messages, 23.6 kB received in 414 messages, session time 6.36 ks.
2025-12-18 17:52:36,005 | INFO     | ib_insync.client          | Disconnecting
2025-12-18 17:52:36,034 | INFO     | __main__                  | Paper trading session complete.
2025-12-18 17:52:36,035 | INFO     | ib_insync.client          | Disconnected.
2025-12-18 17:52:36,039 | INFO     | ib_insync.client          | Disconnected.
