2025-12-17 17:14:53,900 - __main__ - INFO - ================================================================================
2025-12-17 17:14:53,900 - __main__ - INFO - WEEK 1 CHECKPOINT TEST
2025-12-17 17:14:53,900 - __main__ - INFO - ================================================================================
2025-12-17 17:14:53,900 - __main__ - INFO - Duration: 60 minutes
2025-12-17 17:14:53,900 - __main__ - INFO - Start time: 2025-12-17 17:14:53.900951
2025-12-17 17:14:53,901 - __main__ - INFO - ================================================================================
2025-12-17 17:14:53,903 - __main__ - INFO - Creating LiveTradingEngine...
2025-12-17 17:14:53,903 - slob.live.live_trading_engine - INFO - LiveTradingEngine initialized (symbols=['AAPL', 'MSFT', 'GOOGL'], paper=True)
2025-12-17 17:14:53,904 - __main__ - INFO - Starting engine...
2025-12-17 17:14:53,904 - slob.live.live_trading_engine - INFO - ============================================================
2025-12-17 17:14:53,904 - slob.live.live_trading_engine - INFO - STARTING LIVE TRADING ENGINE
2025-12-17 17:14:53,904 - slob.live.live_trading_engine - INFO - ============================================================
2025-12-17 17:14:53,904 - slob.live.live_trading_engine - INFO - Initializing EventBus...
2025-12-17 17:14:53,904 - slob.live.live_trading_engine - INFO - Initializing CandleStore (db_path=data/week1_checkpoint_20251217_171453.db)...
2025-12-17 17:14:53,909 - slob.live.candle_store - INFO - Database schema initialized
2025-12-17 17:14:53,909 - slob.live.candle_store - INFO - ✅ CandleStore initialized at data/week1_checkpoint_20251217_171453.db
2025-12-17 17:14:53,909 - slob.live.live_trading_engine - INFO - Initializing CandleAggregator...
2025-12-17 17:14:53,909 - slob.live.live_trading_engine - INFO - Initializing TickBuffer...
2025-12-17 17:14:53,909 - slob.live.live_trading_engine - INFO - Initializing AlpacaWSFetcher...
2025-12-17 17:14:53,909 - slob.live.live_trading_engine - INFO - Connecting to Alpaca WebSocket...
2025-12-17 17:14:53,909 - slob.live.alpaca_ws_fetcher - INFO - Connecting to Alpaca WebSocket (paper)
2025-12-17 17:14:53,943 - slob.live.tick_buffer - INFO - Started auto-flush (interval: 10s, TTL: 60.0s)
2025-12-17 17:14:54,479 - slob.live.alpaca_ws_fetcher - INFO - ✅ Successfully connected and authenticated to Alpaca WebSocket
2025-12-17 17:14:54,479 - slob.live.live_trading_engine - INFO - Subscribing to symbols: ['AAPL', 'MSFT', 'GOOGL']
2025-12-17 17:14:54,480 - slob.live.alpaca_ws_fetcher - INFO - ✅ Subscribed to: AAPL, MSFT, GOOGL
2025-12-17 17:14:54,480 - slob.live.live_trading_engine - INFO - ============================================================
2025-12-17 17:14:54,480 - slob.live.live_trading_engine - INFO - ✅ LIVE TRADING ENGINE STARTED
2025-12-17 17:14:54,480 - slob.live.live_trading_engine - INFO - ============================================================
2025-12-17 17:14:54,480 - __main__ - INFO - Running for 60 minutes...
2025-12-17 17:14:54,481 - __main__ - INFO - Press Ctrl+C to stop early
2025-12-17 17:14:54,481 - slob.live.live_trading_engine - INFO - Starting main run loop...
2025-12-17 17:14:54,481 - slob.live.live_trading_engine - INFO - Tick processor started
2025-12-17 17:14:54,482 - slob.live.alpaca_ws_fetcher - INFO - Started listening for messages
2025-12-17 17:14:54,482 - slob.live.live_trading_engine - INFO - Health monitor started
2025-12-17 17:14:55,235 - slob.live.alpaca_ws_fetcher - ERROR - Error handling trade: Invalid isoformat string: '2025-12-17T16:14:55.215908943+00:00'
2025-12-17 17:14:56,097 - slob.live.alpaca_ws_fetcher - ERROR - Error handling trade: Invalid isoformat string: '2025-12-17T16:14:56.078355185+00:00'
2025-12-17 17:14:57,168 - slob.live.alpaca_ws_fetcher - ERROR - Error handling trade: Invalid isoformat string: '2025-12-17T16:14:57.149088524+00:00'
2025-12-17 17:14:57,168 - slob.live.alpaca_ws_fetcher - ERROR - Error handling trade: Invalid isoformat string: '2025-12-17T16:14:57.149095175+00:00'
2025-12-17 17:14:57,172 - slob.live.alpaca_ws_fetcher - ERROR - Error handling trade: Invalid isoformat string: '2025-12-17T16:14:57.149646614+00:00'
2025-12-17 17:14:57,174 - slob.live.alpaca_ws_fetcher - ERROR - Error handling trade: Invalid isoformat string: '2025-12-17T16:14:57.153632597+00:00'
2025-12-17 17:14:57,202 - slob.live.alpaca_ws_fetcher - ERROR - Error handling trade: Invalid isoformat string: '2025-12-17T16:14:57.18441096+00:00'
2025-12-17 17:14:57,422 - slob.live.alpaca_ws_fetcher - ERROR - Error handling trade: Invalid isoformat string: '2025-12-17T16:14:57.400092902+00:00'
2025-12-17 17:14:58,739 - slob.live.alpaca_ws_fetcher - ERROR - Error handling trade: Invalid isoformat string: '2025-12-17T16:14:58.694934197+00:00'
2025-12-17 17:14:59,355 - slob.live.alpaca_ws_fetcher - ERROR - Error handling trade: Invalid isoformat string: '2025-12-17T16:14:59.275836691+00:00'
2025-12-17 17:14:59,356 - slob.live.alpaca_ws_fetcher - ERROR - Error handling trade: Invalid isoformat string: '2025-12-17T16:14:59.330743856+00:00'
2025-12-17 17:15:00,071 - slob.live.alpaca_ws_fetcher - ERROR - Error handling trade: Invalid isoformat string: '2025-12-17T16:15:00.027949843+00:00'
2025-12-17 17:15:00,076 - slob.live.alpaca_ws_fetcher - ERROR - Error handling trade: Invalid isoformat string: '2025-12-17T16:15:00.058123688+00:00'
2025-12-17 17:15:00,486 - slob.live.alpaca_ws_fetcher - ERROR - Error handling trade: Invalid isoformat string: '2025-12-17T16:15:00.466343967+00:00'
2025-12-17 17:15:00,677 - slob.live.alpaca_ws_fetcher - ERROR - Error handling trade: Invalid isoformat string: '2025-12-17T16:15:00.649174484+00:00'
2025-12-17 17:15:00,697 - slob.live.alpaca_ws_fetcher - ERROR - Error handling trade: Invalid isoformat string: '2025-12-17T16:15:00.677319162+00:00'
2025-12-17 17:15:01,095 - slob.live.alpaca_ws_fetcher - ERROR - Error handling trade: Invalid isoformat string: '2025-12-17T16:15:01.008701014+00:00'
2025-12-17 17:15:01,095 - slob.live.alpaca_ws_fetcher - ERROR - Error handling trade: Invalid isoformat string: '2025-12-17T16:15:01.010850707+00:00'
2025-12-17 17:15:01,095 - slob.live.alpaca_ws_fetcher - ERROR - Error handling trade: Invalid isoformat string: '2025-12-17T16:15:01.013466828+00:00'
2025-12-17 17:15:01,096 - slob.live.alpaca_ws_fetcher - ERROR - Error handling trade: Invalid isoformat string: '2025-12-17T16:15:01.01500375+00:00'
2025-12-17 17:15:01,096 - slob.live.alpaca_ws_fetcher - ERROR - Error handling trade: Invalid isoformat string: '2025-12-17T16:15:01.054804096+00:00'
2025-12-17 17:15:01,096 - slob.live.alpaca_ws_fetcher - ERROR - Error handling trade: Invalid isoformat string: '2025-12-17T16:15:01.067333527+00:00'
2025-12-17 17:15:01,221 - slob.live.alpaca_ws_fetcher - ERROR - Error handling trade: Invalid isoformat string: '2025-12-17T16:15:01.203103609+00:00'
2025-12-17 17:15:01,680 - slob.live.alpaca_ws_fetcher - ERROR - Error handling trade: Invalid isoformat string: '2025-12-17T16:15:01.659647352+00:00'
2025-12-17 17:15:05,292 - slob.live.alpaca_ws_fetcher - ERROR - Error handling trade: Invalid isoformat string: '2025-12-17T16:15:05.149209872+00:00'
2025-12-17 17:15:06,690 - slob.live.alpaca_ws_fetcher - ERROR - Error handling trade: Invalid isoformat string: '2025-12-17T16:15:06.670790867+00:00'
2025-12-17 17:15:06,742 - slob.live.alpaca_ws_fetcher - ERROR - Error handling trade: Invalid isoformat string: '2025-12-17T16:15:06.724215001+00:00'
2025-12-17 17:15:07,238 - slob.live.alpaca_ws_fetcher - ERROR - Error handling trade: Invalid isoformat string: '2025-12-17T16:15:07.108307972+00:00'
2025-12-17 17:15:08,682 - slob.live.alpaca_ws_fetcher - ERROR - Error handling trade: Invalid isoformat string: '2025-12-17T16:15:08.636887054+00:00'
2025-12-17 17:15:08,682 - slob.live.alpaca_ws_fetcher - ERROR - Error handling trade: Invalid isoformat string: '2025-12-17T16:15:08.636914995+00:00'
2025-12-17 17:15:09,900 - slob.live.alpaca_ws_fetcher - ERROR - Error handling trade: Invalid isoformat string: '2025-12-17T16:15:09.813135692+00:00'
2025-12-17 17:15:11,333 - slob.live.alpaca_ws_fetcher - ERROR - Error handling trade: Invalid isoformat string: '2025-12-17T16:15:11.245118939+00:00'
2025-12-17 17:15:11,334 - slob.live.alpaca_ws_fetcher - ERROR - Error handling trade: Invalid isoformat string: '2025-12-17T16:15:11.283468851+00:00'
2025-12-17 17:15:12,045 - slob.live.alpaca_ws_fetcher - ERROR - Error handling trade: Invalid isoformat string: '2025-12-17T16:15:11.964193721+00:00'
2025-12-17 17:15:12,045 - slob.live.alpaca_ws_fetcher - ERROR - Error handling trade: Invalid isoformat string: '2025-12-17T16:15:11.968397834+00:00'
2025-12-17 17:15:12,045 - slob.live.alpaca_ws_fetcher - ERROR - Error handling trade: Invalid isoformat string: '2025-12-17T16:15:11.969835106+00:00'
2025-12-17 17:15:12,869 - slob.live.alpaca_ws_fetcher - ERROR - Error handling trade: Invalid isoformat string: '2025-12-17T16:15:12.777645734+00:00'
2025-12-17 17:15:13,738 - slob.live.alpaca_ws_fetcher - ERROR - Error handling trade: Invalid isoformat string: '2025-12-17T16:15:13.720596566+00:00'
2025-12-17 17:15:13,854 - slob.live.alpaca_ws_fetcher - ERROR - Error handling trade: Invalid isoformat string: '2025-12-17T16:15:13.837639491+00:00'
2025-12-17 17:15:14,360 - slob.live.alpaca_ws_fetcher - ERROR - Error handling trade: Invalid isoformat string: '2025-12-17T16:15:14.242846918+00:00'
2025-12-17 17:15:15,122 - slob.live.alpaca_ws_fetcher - ERROR - Error handling trade: Invalid isoformat string: '2025-12-17T16:15:15.006691389+00:00'
2025-12-17 17:15:15,123 - slob.live.alpaca_ws_fetcher - ERROR - Error handling trade: Invalid isoformat string: '2025-12-17T16:15:15.006733354+00:00'
2025-12-17 17:15:15,242 - slob.live.alpaca_ws_fetcher - ERROR - Error handling trade: Invalid isoformat string: '2025-12-17T16:15:15.219065363+00:00'
2025-12-17 17:15:16,146 - slob.live.alpaca_ws_fetcher - ERROR - Error handling trade: Invalid isoformat string: '2025-12-17T16:15:16.025404015+00:00'
2025-12-17 17:15:16,146 - slob.live.alpaca_ws_fetcher - ERROR - Error handling trade: Invalid isoformat string: '2025-12-17T16:15:16.026076615+00:00'
2025-12-17 17:15:16,147 - slob.live.alpaca_ws_fetcher - ERROR - Error handling trade: Invalid isoformat string: '2025-12-17T16:15:16.036304116+00:00'
2025-12-17 17:15:16,820 - slob.live.alpaca_ws_fetcher - ERROR - Error handling trade: Invalid isoformat string: '2025-12-17T16:15:16.801920801+00:00'
2025-12-17 17:15:16,821 - slob.live.alpaca_ws_fetcher - ERROR - Error handling trade: Invalid isoformat string: '2025-12-17T16:15:16.801953216+00:00'
2025-12-17 17:15:16,821 - slob.live.alpaca_ws_fetcher - ERROR - Error handling trade: Invalid isoformat string: '2025-12-17T16:15:16.803750349+00:00'
2025-12-17 17:15:16,822 - slob.live.alpaca_ws_fetcher - ERROR - Error handling trade: Invalid isoformat string: '2025-12-17T16:15:16.803780476+00:00'
2025-12-17 17:15:16,824 - slob.live.alpaca_ws_fetcher - ERROR - Error handling trade: Invalid isoformat string: '2025-12-17T16:15:16.803780545+00:00'
2025-12-17 17:15:16,824 - slob.live.alpaca_ws_fetcher - ERROR - Error handling trade: Invalid isoformat string: '2025-12-17T16:15:16.803780725+00:00'
2025-12-17 17:15:18,662 - slob.live.alpaca_ws_fetcher - ERROR - Error handling trade: Invalid isoformat string: '2025-12-17T16:15:18.643293794+00:00'
2025-12-17 17:15:19,487 - slob.live.alpaca_ws_fetcher - ERROR - Error handling trade: Invalid isoformat string: '2025-12-17T16:15:19.468485757+00:00'
2025-12-17 17:15:22,635 - slob.live.alpaca_ws_fetcher - ERROR - Error handling trade: Invalid isoformat string: '2025-12-17T16:15:22.61553406+00:00'
2025-12-17 17:15:22,635 - slob.live.alpaca_ws_fetcher - ERROR - Error handling trade: Invalid isoformat string: '2025-12-17T16:15:22.615555405+00:00'
2025-12-17 17:15:22,635 - slob.live.alpaca_ws_fetcher - ERROR - Error handling trade: Invalid isoformat string: '2025-12-17T16:15:22.61566434+00:00'
2025-12-17 17:15:23,685 - slob.live.alpaca_ws_fetcher - ERROR - Error handling trade: Invalid isoformat string: '2025-12-17T16:15:23.667554463+00:00'
2025-12-17 17:15:23,931 - slob.live.alpaca_ws_fetcher - ERROR - Error handling trade: Invalid isoformat string: '2025-12-17T16:15:23.878491048+00:00'
2025-12-17 17:15:23,932 - slob.live.alpaca_ws_fetcher - ERROR - Error handling trade: Invalid isoformat string: '2025-12-17T16:15:23.878531924+00:00'
2025-12-17 17:15:23,932 - slob.live.alpaca_ws_fetcher - ERROR - Error handling trade: Invalid isoformat string: '2025-12-17T16:15:23.887199924+00:00'
2025-12-17 17:15:23,933 - slob.live.alpaca_ws_fetcher - ERROR - Error handling trade: Invalid isoformat string: '2025-12-17T16:15:23.89281592+00:00'
2025-12-17 17:15:23,933 - slob.live.alpaca_ws_fetcher - ERROR - Error handling trade: Invalid isoformat string: '2025-12-17T16:15:23.895556759+00:00'
2025-12-17 17:15:23,933 - slob.live.alpaca_ws_fetcher - ERROR - Error handling trade: Invalid isoformat string: '2025-12-17T16:15:23.898449376+00:00'
2025-12-17 17:15:23,933 - slob.live.alpaca_ws_fetcher - ERROR - Error handling trade: Invalid isoformat string: '2025-12-17T16:15:23.899717251+00:00'
2025-12-17 17:15:23,933 - slob.live.alpaca_ws_fetcher - ERROR - Error handling trade: Invalid isoformat string: '2025-12-17T16:15:23.908274572+00:00'
2025-12-17 17:15:23,933 - slob.live.alpaca_ws_fetcher - ERROR - Error handling trade: Invalid isoformat string: '2025-12-17T16:15:23.910842647+00:00'
2025-12-17 17:15:23,957 - slob.live.alpaca_ws_fetcher - ERROR - Error handling trade: Invalid isoformat string: '2025-12-17T16:15:23.939681245+00:00'
2025-12-17 17:15:23,957 - slob.live.alpaca_ws_fetcher - ERROR - Error handling trade: Invalid isoformat string: '2025-12-17T16:15:23.939696304+00:00'
2025-12-17 17:15:23,963 - slob.live.alpaca_ws_fetcher - ERROR - Error handling trade: Invalid isoformat string: '2025-12-17T16:15:23.944927643+00:00'
2025-12-17 17:15:24,049 - slob.live.alpaca_ws_fetcher - ERROR - Error handling trade: Invalid isoformat string: '2025-12-17T16:15:23.94596093+00:00'
2025-12-17 17:15:24,050 - slob.live.alpaca_ws_fetcher - ERROR - Error handling trade: Invalid isoformat string: '2025-12-17T16:15:23.975115796+00:00'
2025-12-17 17:15:24,507 - slob.live.alpaca_ws_fetcher - ERROR - Error handling trade: Invalid isoformat string: '2025-12-17T16:15:24.487678426+00:00'
2025-12-17 17:15:24,626 - slob.live.alpaca_ws_fetcher - ERROR - Error handling trade: Invalid isoformat string: '2025-12-17T16:15:24.609630938+00:00'
2025-12-17 17:15:24,653 - slob.live.alpaca_ws_fetcher - ERROR - Error handling trade: Invalid isoformat string: '2025-12-17T16:15:24.633907793+00:00'
2025-12-17 17:15:25,361 - slob.live.alpaca_ws_fetcher - ERROR - Error handling trade: Invalid isoformat string: '2025-12-17T16:15:25.267122281+00:00'
2025-12-17 17:15:27,571 - slob.live.alpaca_ws_fetcher - ERROR - Error handling trade: Invalid isoformat string: '2025-12-17T16:15:27.554919193+00:00'
2025-12-17 17:15:27,572 - slob.live.alpaca_ws_fetcher - ERROR - Error handling trade: Invalid isoformat string: '2025-12-17T16:15:27.554938062+00:00'
2025-12-17 17:15:27,572 - slob.live.alpaca_ws_fetcher - ERROR - Error handling trade: Invalid isoformat string: '2025-12-17T16:15:27.554938113+00:00'
2025-12-17 17:15:28,923 - slob.live.alpaca_ws_fetcher - ERROR - Error handling trade: Invalid isoformat string: '2025-12-17T16:15:28.906904235+00:00'
2025-12-17 17:15:31,300 - slob.live.alpaca_ws_fetcher - ERROR - Error handling trade: Invalid isoformat string: '2025-12-17T16:15:31.262730877+00:00'
2025-12-17 17:15:32,019 - slob.live.alpaca_ws_fetcher - ERROR - Error handling trade: Invalid isoformat string: '2025-12-17T16:15:31.914535725+00:00'
2025-12-17 17:15:32,676 - slob.live.alpaca_ws_fetcher - ERROR - Error handling trade: Invalid isoformat string: '2025-12-17T16:15:32.656966953+00:00'
2025-12-17 17:15:33,021 - slob.live.alpaca_ws_fetcher - ERROR - Error handling trade: Invalid isoformat string: '2025-12-17T16:15:33.003844332+00:00'
2025-12-17 17:15:34,507 - slob.live.alpaca_ws_fetcher - ERROR - Error handling trade: Invalid isoformat string: '2025-12-17T16:15:33.852462072+00:00'
2025-12-17 17:15:34,508 - slob.live.alpaca_ws_fetcher - ERROR - Error handling trade: Invalid isoformat string: '2025-12-17T16:15:33.85259317+00:00'
2025-12-17 17:15:34,508 - slob.live.alpaca_ws_fetcher - ERROR - Error handling trade: Invalid isoformat string: '2025-12-17T16:15:33.866641756+00:00'
2025-12-17 17:15:34,508 - slob.live.alpaca_ws_fetcher - ERROR - Error handling trade: Invalid isoformat string: '2025-12-17T16:15:33.866660994+00:00'
2025-12-17 17:15:34,509 - slob.live.alpaca_ws_fetcher - ERROR - Error handling trade: Invalid isoformat string: '2025-12-17T16:15:33.866661038+00:00'
2025-12-17 17:15:34,509 - slob.live.alpaca_ws_fetcher - ERROR - Error handling trade: Invalid isoformat string: '2025-12-17T16:15:33.866671286+00:00'
2025-12-17 17:15:34,509 - slob.live.alpaca_ws_fetcher - ERROR - Error handling trade: Invalid isoformat string: '2025-12-17T16:15:33.866671329+00:00'
2025-12-17 17:15:34,509 - slob.live.alpaca_ws_fetcher - ERROR - Error handling trade: Invalid isoformat string: '2025-12-17T16:15:33.866693269+00:00'
2025-12-17 17:15:34,509 - slob.live.alpaca_ws_fetcher - ERROR - Error handling trade: Invalid isoformat string: '2025-12-17T16:15:33.871221296+00:00'
2025-12-17 17:15:34,509 - slob.live.alpaca_ws_fetcher - ERROR - Error handling trade: Invalid isoformat string: '2025-12-17T16:15:33.871257121+00:00'
2025-12-17 17:15:37,504 - slob.live.alpaca_ws_fetcher - ERROR - Error handling trade: Invalid isoformat string: '2025-12-17T16:15:37.474851079+00:00'
2025-12-17 17:15:37,687 - slob.live.alpaca_ws_fetcher - ERROR - Error handling trade: Invalid isoformat string: '2025-12-17T16:15:37.670206861+00:00'
2025-12-17 17:15:38,365 - slob.live.alpaca_ws_fetcher - ERROR - Error handling trade: Invalid isoformat string: '2025-12-17T16:15:38.266162638+00:00'
2025-12-17 17:15:39,185 - slob.live.alpaca_ws_fetcher - ERROR - Error handling trade: Invalid isoformat string: '2025-12-17T16:15:39.072137923+00:00'
2025-12-17 17:15:40,106 - slob.live.alpaca_ws_fetcher - ERROR - Error handling trade: Invalid isoformat string: '2025-12-17T16:15:40.072790162+00:00'
2025-12-17 17:15:40,649 - slob.live.alpaca_ws_fetcher - ERROR - Error handling trade: Invalid isoformat string: '2025-12-17T16:15:40.250463608+00:00'
2025-12-17 17:15:41,561 - slob.live.alpaca_ws_fetcher - ERROR - Error handling trade: Invalid isoformat string: '2025-12-17T16:15:41.54574722+00:00'
2025-12-17 17:15:42,520 - slob.live.alpaca_ws_fetcher - ERROR - Error handling trade: Invalid isoformat string: '2025-12-17T16:15:42.445740913+00:00'
2025-12-17 17:15:42,662 - slob.live.alpaca_ws_fetcher - ERROR - Error handling trade: Invalid isoformat string: '2025-12-17T16:15:42.645184609+00:00'
2025-12-17 17:15:42,887 - slob.live.alpaca_ws_fetcher - ERROR - Error handling trade: Invalid isoformat string: '2025-12-17T16:15:42.870887118+00:00'
2025-12-17 17:15:43,609 - slob.live.alpaca_ws_fetcher - ERROR - Error handling trade: Invalid isoformat string: '2025-12-17T16:15:42.905238271+00:00'
2025-12-17 17:15:43,609 - slob.live.alpaca_ws_fetcher - ERROR - Error handling trade: Invalid isoformat string: '2025-12-17T16:15:42.928935361+00:00'
2025-12-17 17:15:43,609 - slob.live.alpaca_ws_fetcher - ERROR - Error handling trade: Invalid isoformat string: '2025-12-17T16:15:42.929188014+00:00'
2025-12-17 17:15:43,609 - slob.live.alpaca_ws_fetcher - ERROR - Error handling trade: Invalid isoformat string: '2025-12-17T16:15:42.946629978+00:00'
2025-12-17 17:15:43,610 - slob.live.alpaca_ws_fetcher - ERROR - Error handling trade: Invalid isoformat string: '2025-12-17T16:15:43.18107078+00:00'
2025-12-17 17:15:43,610 - slob.live.alpaca_ws_fetcher - ERROR - Error handling trade: Invalid isoformat string: '2025-12-17T16:15:43.181568131+00:00'
2025-12-17 17:15:43,728 - slob.live.alpaca_ws_fetcher - ERROR - Error handling trade: Invalid isoformat string: '2025-12-17T16:15:43.35498876+00:00'
2025-12-17 17:15:43,728 - slob.live.alpaca_ws_fetcher - ERROR - Error handling trade: Invalid isoformat string: '2025-12-17T16:15:43.354993242+00:00'
2025-12-17 17:15:43,729 - slob.live.alpaca_ws_fetcher - ERROR - Error handling trade: Invalid isoformat string: '2025-12-17T16:15:43.384573309+00:00'
2025-12-17 17:15:43,729 - slob.live.alpaca_ws_fetcher - ERROR - Error handling trade: Invalid isoformat string: '2025-12-17T16:15:43.397194591+00:00'
2025-12-17 17:15:43,729 - slob.live.alpaca_ws_fetcher - ERROR - Error handling trade: Invalid isoformat string: '2025-12-17T16:15:43.400516757+00:00'
2025-12-17 17:15:43,729 - slob.live.alpaca_ws_fetcher - ERROR - Error handling trade: Invalid isoformat string: '2025-12-17T16:15:43.669368284+00:00'
2025-12-17 17:15:44,202 - slob.live.alpaca_ws_fetcher - ERROR - Error handling trade: Invalid isoformat string: '2025-12-17T16:15:44.142288926+00:00'
2025-12-17 17:15:44,240 - slob.live.alpaca_ws_fetcher - ERROR - Error handling trade: Invalid isoformat string: '2025-12-17T16:15:44.225693905+00:00'
2025-12-17 17:15:44,752 - slob.live.alpaca_ws_fetcher - ERROR - Error handling trade: Invalid isoformat string: '2025-12-17T16:15:44.257947777+00:00'
2025-12-17 17:15:44,753 - slob.live.alpaca_ws_fetcher - ERROR - Error handling trade: Invalid isoformat string: '2025-12-17T16:15:44.338201839+00:00'
2025-12-17 17:15:44,753 - slob.live.alpaca_ws_fetcher - ERROR - Error handling trade: Invalid isoformat string: '2025-12-17T16:15:44.55350863+00:00'
2025-12-17 17:15:45,327 - slob.live.alpaca_ws_fetcher - ERROR - Error handling trade: Invalid isoformat string: '2025-12-17T16:15:45.237731084+00:00'
2025-12-17 17:15:45,804 - slob.live.alpaca_ws_fetcher - ERROR - Error handling trade: Invalid isoformat string: '2025-12-17T16:15:45.787417041+00:00'
2025-12-17 17:15:45,967 - slob.live.alpaca_ws_fetcher - ERROR - Error handling trade: Invalid isoformat string: '2025-12-17T16:15:45.950102958+00:00'
2025-12-17 17:15:46,060 - slob.live.alpaca_ws_fetcher - ERROR - Error handling trade: Invalid isoformat string: '2025-12-17T16:15:46.044252472+00:00'
2025-12-17 17:15:46,060 - slob.live.alpaca_ws_fetcher - ERROR - Error handling trade: Invalid isoformat string: '2025-12-17T16:15:46.044827247+00:00'
2025-12-17 17:15:46,060 - slob.live.alpaca_ws_fetcher - ERROR - Error handling trade: Invalid isoformat string: '2025-12-17T16:15:46.044870498+00:00'
2025-12-17 17:15:46,085 - slob.live.alpaca_ws_fetcher - ERROR - Error handling trade: Invalid isoformat string: '2025-12-17T16:15:46.056855517+00:00'
2025-12-17 17:15:46,085 - slob.live.alpaca_ws_fetcher - ERROR - Error handling trade: Invalid isoformat string: '2025-12-17T16:15:46.056864711+00:00'
2025-12-17 17:15:46,085 - slob.live.alpaca_ws_fetcher - ERROR - Error handling trade: Invalid isoformat string: '2025-12-17T16:15:46.056869631+00:00'
2025-12-17 17:15:46,578 - slob.live.alpaca_ws_fetcher - ERROR - Error handling trade: Invalid isoformat string: '2025-12-17T16:15:46.559783674+00:00'
2025-12-17 17:15:48,503 - slob.live.alpaca_ws_fetcher - ERROR - Error handling trade: Invalid isoformat string: '2025-12-17T16:15:48.474018074+00:00'
2025-12-17 17:15:49,745 - slob.live.alpaca_ws_fetcher - ERROR - Error handling trade: Invalid isoformat string: '2025-12-17T16:15:49.071404216+00:00'
2025-12-17 17:15:49,745 - slob.live.alpaca_ws_fetcher - ERROR - Error handling trade: Invalid isoformat string: '2025-12-17T16:15:49.270629561+00:00'
2025-12-17 17:15:49,746 - slob.live.alpaca_ws_fetcher - ERROR - Error handling trade: Invalid isoformat string: '2025-12-17T16:15:49.446474331+00:00'
2025-12-17 17:15:50,243 - slob.live.alpaca_ws_fetcher - ERROR - Error handling trade: Invalid isoformat string: '2025-12-17T16:15:50.16608178+00:00'
2025-12-17 17:15:50,848 - slob.live.alpaca_ws_fetcher - ERROR - Error handling trade: Invalid isoformat string: '2025-12-17T16:15:50.834081807+00:00'
2025-12-17 17:15:52,394 - slob.live.alpaca_ws_fetcher - ERROR - Error handling trade: Invalid isoformat string: '2025-12-17T16:15:52.276027084+00:00'
2025-12-17 17:15:52,395 - slob.live.alpaca_ws_fetcher - ERROR - Error handling trade: Invalid isoformat string: '2025-12-17T16:15:52.302994266+00:00'
2025-12-17 17:15:52,395 - slob.live.alpaca_ws_fetcher - ERROR - Error handling trade: Invalid isoformat string: '2025-12-17T16:15:52.303023488+00:00'
2025-12-17 17:15:52,512 - slob.live.alpaca_ws_fetcher - ERROR - Error handling trade: Invalid isoformat string: '2025-12-17T16:15:52.316982631+00:00'
2025-12-17 17:15:54,479 - slob.live.live_trading_engine - INFO - ============================================================
2025-12-17 17:15:54,480 - slob.live.live_trading_engine - INFO - SYSTEM HEALTH CHECK
2025-12-17 17:15:54,480 - slob.live.live_trading_engine - INFO - ============================================================
2025-12-17 17:15:54,480 - slob.live.live_trading_engine - INFO - Runtime: 0:01:00.576638
2025-12-17 17:15:54,481 - slob.live.live_trading_engine - INFO - WebSocket: {'state': 'CONNECTED', 'reconnect_attempts': 0, 'message_count': 113, 'tick_count': 0, 'subscribed_symbols': ['GOOGL', 'AAPL', 'MSFT'], 'last_message_time': '2025-12-17T17:15:52.511939'}
2025-12-17 17:15:54,481 - slob.live.live_trading_engine - INFO - TickBuffer: {'current_size': 0, 'max_size': 10000, 'utilization': '0.0%', 'enqueued_count': 0, 'dequeued_count': 0, 'dropped_count': 0, 'evicted_count': 0, 'pending': 0}
2025-12-17 17:15:54,481 - slob.live.live_trading_engine - INFO - CandleAggregator: {'ticks_processed': 0, 'candles_completed': 0, 'gaps_filled': 0, 'active_candles': 0, 'symbols': []}
2025-12-17 17:15:54,481 - slob.live.live_trading_engine - INFO - CandleStore: {'db_path': 'data/week1_checkpoint_20251217_171453.db', 'db_size_mb': 0.0, 'total_candles': 0, 'symbols_count': 0, 'symbols': [], 'candles_saved': 0, 'queries_executed': 0}
2025-12-17 17:15:54,482 - slob.live.live_trading_engine - INFO - EventBus: {'total_events_emitted': 1, 'handler_errors': 0, 'events_by_type': {'websocket_connected': 1}, 'handler_counts': {}, 'history_size': 1}
2025-12-17 17:15:54,482 - slob.live.live_trading_engine - INFO - ============================================================
2025-12-17 17:15:54,731 - slob.live.alpaca_ws_fetcher - ERROR - Error handling trade: Invalid isoformat string: '2025-12-17T16:15:54.715148098+00:00'
2025-12-17 17:15:55,260 - slob.live.alpaca_ws_fetcher - ERROR - Error handling trade: Invalid isoformat string: '2025-12-17T16:15:55.154308226+00:00'
2025-12-17 17:15:55,261 - slob.live.alpaca_ws_fetcher - ERROR - Error handling trade: Invalid isoformat string: '2025-12-17T16:15:55.168612865+00:00'
2025-12-17 17:15:55,320 - slob.live.alpaca_ws_fetcher - ERROR - Error handling trade: Invalid isoformat string: '2025-12-17T16:15:55.302529635+00:00'
2025-12-17 17:15:55,321 - slob.live.alpaca_ws_fetcher - ERROR - Error handling trade: Invalid isoformat string: '2025-12-17T16:15:55.302558087+00:00'
2025-12-17 17:15:55,321 - slob.live.alpaca_ws_fetcher - ERROR - Error handling trade: Invalid isoformat string: '2025-12-17T16:15:55.302679189+00:00'
2025-12-17 17:15:55,321 - slob.live.alpaca_ws_fetcher - ERROR - Error handling trade: Invalid isoformat string: '2025-12-17T16:15:55.30299868+00:00'
2025-12-17 17:15:55,425 - slob.live.alpaca_ws_fetcher - ERROR - Error handling trade: Invalid isoformat string: '2025-12-17T16:15:55.408699905+00:00'
2025-12-17 17:15:56,080 - slob.live.alpaca_ws_fetcher - ERROR - Error handling trade: Invalid isoformat string: '2025-12-17T16:15:56.006430561+00:00'
2025-12-17 17:15:56,081 - slob.live.alpaca_ws_fetcher - ERROR - Error handling trade: Invalid isoformat string: '2025-12-17T16:15:56.020113585+00:00'
2025-12-17 17:15:56,081 - slob.live.alpaca_ws_fetcher - ERROR - Error handling trade: Invalid isoformat string: '2025-12-17T16:15:56.0207873+00:00'
2025-12-17 17:15:56,081 - slob.live.alpaca_ws_fetcher - ERROR - Error handling trade: Invalid isoformat string: '2025-12-17T16:15:56.020798536+00:00'
2025-12-17 17:15:56,081 - slob.live.alpaca_ws_fetcher - ERROR - Error handling trade: Invalid isoformat string: '2025-12-17T16:15:56.02080338+00:00'
2025-12-17 17:15:56,175 - slob.live.alpaca_ws_fetcher - ERROR - Error handling trade: Invalid isoformat string: '2025-12-17T16:15:56.159063672+00:00'
2025-12-17 17:15:57,477 - slob.live.alpaca_ws_fetcher - ERROR - Error handling trade: Invalid isoformat string: '2025-12-17T16:15:57.461205371+00:00'
2025-12-17 17:15:57,477 - slob.live.alpaca_ws_fetcher - ERROR - Error handling trade: Invalid isoformat string: '2025-12-17T16:15:57.461229635+00:00'
2025-12-17 17:15:57,479 - slob.live.alpaca_ws_fetcher - ERROR - Error handling trade: Invalid isoformat string: '2025-12-17T16:15:57.463428716+00:00'
2025-12-17 17:15:57,639 - slob.live.alpaca_ws_fetcher - ERROR - Error handling trade: Invalid isoformat string: '2025-12-17T16:15:57.624501481+00:00'
2025-12-17 17:15:57,639 - slob.live.alpaca_ws_fetcher - ERROR - Error handling trade: Invalid isoformat string: '2025-12-17T16:15:57.624521904+00:00'
2025-12-17 17:15:57,645 - slob.live.alpaca_ws_fetcher - ERROR - Error handling trade: Invalid isoformat string: '2025-12-17T16:15:57.629809581+00:00'
2025-12-17 17:15:57,700 - slob.live.alpaca_ws_fetcher - ERROR - Error handling trade: Invalid isoformat string: '2025-12-17T16:15:57.682959036+00:00'
2025-12-17 17:15:58,230 - slob.live.alpaca_ws_fetcher - ERROR - Error handling trade: Invalid isoformat string: '2025-12-17T16:15:58.136992257+00:00'
2025-12-17 17:15:58,312 - slob.live.alpaca_ws_fetcher - ERROR - Error handling trade: Invalid isoformat string: '2025-12-17T16:15:58.296408085+00:00'
2025-12-17 17:15:58,312 - slob.live.alpaca_ws_fetcher - ERROR - Error handling trade: Invalid isoformat string: '2025-12-17T16:15:58.296442892+00:00'
2025-12-17 17:15:58,474 - slob.live.alpaca_ws_fetcher - ERROR - Error handling trade: Invalid isoformat string: '2025-12-17T16:15:58.456825744+00:00'
2025-12-17 17:15:58,474 - slob.live.alpaca_ws_fetcher - ERROR - Error handling trade: Invalid isoformat string: '2025-12-17T16:15:58.457414791+00:00'
2025-12-17 17:15:58,475 - slob.live.alpaca_ws_fetcher - ERROR - Error handling trade: Invalid isoformat string: '2025-12-17T16:15:58.459859731+00:00'
2025-12-17 17:15:58,480 - slob.live.alpaca_ws_fetcher - ERROR - Error handling trade: Invalid isoformat string: '2025-12-17T16:15:58.464873877+00:00'
2025-12-17 17:15:58,481 - slob.live.alpaca_ws_fetcher - ERROR - Error handling trade: Invalid isoformat string: '2025-12-17T16:15:58.465274781+00:00'
2025-12-17 17:15:58,487 - slob.live.alpaca_ws_fetcher - ERROR - Error handling trade: Invalid isoformat string: '2025-12-17T16:15:58.473240477+00:00'
2025-12-17 17:15:58,489 - slob.live.alpaca_ws_fetcher - ERROR - Error handling trade: Invalid isoformat string: '2025-12-17T16:15:58.476373885+00:00'
2025-12-17 17:15:58,619 - slob.live.alpaca_ws_fetcher - ERROR - Error handling trade: Invalid isoformat string: '2025-12-17T16:15:58.604898479+00:00'
2025-12-17 17:15:58,619 - slob.live.alpaca_ws_fetcher - ERROR - Error handling trade: Invalid isoformat string: '2025-12-17T16:15:58.604919747+00:00'
2025-12-17 17:16:00,483 - slob.live.alpaca_ws_fetcher - ERROR - Error handling trade: Invalid isoformat string: '2025-12-17T16:16:00.453275936+00:00'
2025-12-17 17:16:01,994 - slob.live.alpaca_ws_fetcher - ERROR - Error handling trade: Invalid isoformat string: '2025-12-17T16:16:01.978768364+00:00'
2025-12-17 17:16:02,060 - slob.live.alpaca_ws_fetcher - ERROR - Error handling trade: Invalid isoformat string: '2025-12-17T16:16:02.04476642+00:00'
2025-12-17 17:16:02,122 - slob.live.alpaca_ws_fetcher - ERROR - Error handling trade: Invalid isoformat string: '2025-12-17T16:16:02.106246265+00:00'
2025-12-17 17:16:02,428 - slob.live.alpaca_ws_fetcher - ERROR - Error handling trade: Invalid isoformat string: '2025-12-17T16:16:02.390633241+00:00'
2025-12-17 17:16:02,428 - slob.live.alpaca_ws_fetcher - ERROR - Error handling trade: Invalid isoformat string: '2025-12-17T16:16:02.401200829+00:00'
2025-12-17 17:16:03,042 - slob.live.alpaca_ws_fetcher - ERROR - Error handling trade: Invalid isoformat string: '2025-12-17T16:16:02.914006235+00:00'
2025-12-17 17:16:03,349 - slob.live.alpaca_ws_fetcher - ERROR - Error handling trade: Invalid isoformat string: '2025-12-17T16:16:03.27897523+00:00'
2025-12-17 17:16:03,350 - slob.live.alpaca_ws_fetcher - ERROR - Error handling trade: Invalid isoformat string: '2025-12-17T16:16:03.2789909+00:00'
2025-12-17 17:16:03,350 - slob.live.alpaca_ws_fetcher - ERROR - Error handling trade: Invalid isoformat string: '2025-12-17T16:16:03.278990946+00:00'
2025-12-17 17:16:03,350 - slob.live.alpaca_ws_fetcher - ERROR - Error handling trade: Invalid isoformat string: '2025-12-17T16:16:03.288953399+00:00'
2025-12-17 17:16:04,272 - slob.live.alpaca_ws_fetcher - ERROR - Error handling trade: Invalid isoformat string: '2025-12-17T16:16:04.1917075+00:00'
2025-12-17 17:16:04,272 - slob.live.alpaca_ws_fetcher - ERROR - Error handling trade: Invalid isoformat string: '2025-12-17T16:16:04.249653551+00:00'
2025-12-17 17:16:04,831 - slob.live.alpaca_ws_fetcher - ERROR - Error handling trade: Invalid isoformat string: '2025-12-17T16:16:04.799242523+00:00'
2025-12-17 17:16:05,600 - slob.live.alpaca_ws_fetcher - ERROR - Error handling trade: Invalid isoformat string: '2025-12-17T16:16:05.517039393+00:00'
2025-12-17 17:16:05,600 - slob.live.alpaca_ws_fetcher - ERROR - Error handling trade: Invalid isoformat string: '2025-12-17T16:16:05.570005676+00:00'
2025-12-17 17:16:05,766 - slob.live.alpaca_ws_fetcher - ERROR - Error handling trade: Invalid isoformat string: '2025-12-17T16:16:05.751089926+00:00'
2025-12-17 17:16:05,882 - slob.live.alpaca_ws_fetcher - ERROR - Error handling trade: Invalid isoformat string: '2025-12-17T16:16:05.868971947+00:00'
2025-12-17 17:16:05,883 - slob.live.alpaca_ws_fetcher - ERROR - Error handling trade: Invalid isoformat string: '2025-12-17T16:16:05.869176152+00:00'
2025-12-17 17:16:05,883 - slob.live.alpaca_ws_fetcher - ERROR - Error handling trade: Invalid isoformat string: '2025-12-17T16:16:05.869188075+00:00'
2025-12-17 17:16:05,883 - slob.live.alpaca_ws_fetcher - ERROR - Error handling trade: Invalid isoformat string: '2025-12-17T16:16:05.869193032+00:00'
2025-12-17 17:16:05,883 - slob.live.alpaca_ws_fetcher - ERROR - Error handling trade: Invalid isoformat string: '2025-12-17T16:16:05.869198088+00:00'
2025-12-17 17:16:06,049 - slob.live.alpaca_ws_fetcher - ERROR - Error handling trade: Invalid isoformat string: '2025-12-17T16:16:06.034135406+00:00'
2025-12-17 17:16:06,163 - slob.live.alpaca_ws_fetcher - ERROR - Error handling trade: Invalid isoformat string: '2025-12-17T16:16:06.146935023+00:00'
2025-12-17 17:16:06,523 - slob.live.alpaca_ws_fetcher - ERROR - Error handling trade: Invalid isoformat string: '2025-12-17T16:16:06.425635042+00:00'
2025-12-17 17:16:07,446 - slob.live.alpaca_ws_fetcher - ERROR - Error handling trade: Invalid isoformat string: '2025-12-17T16:16:07.401397675+00:00'
2025-12-17 17:16:07,482 - slob.live.alpaca_ws_fetcher - ERROR - Error handling trade: Invalid isoformat string: '2025-12-17T16:16:07.465395905+00:00'
2025-12-17 17:16:07,482 - slob.live.alpaca_ws_fetcher - ERROR - Error handling trade: Invalid isoformat string: '2025-12-17T16:16:07.465868491+00:00'
2025-12-17 17:16:07,681 - slob.live.alpaca_ws_fetcher - ERROR - Error handling trade: Invalid isoformat string: '2025-12-17T16:16:07.667573645+00:00'
2025-12-17 17:16:08,162 - slob.live.alpaca_ws_fetcher - ERROR - Error handling trade: Invalid isoformat string: '2025-12-17T16:16:08.051862668+00:00'
2025-12-17 17:16:08,571 - slob.live.alpaca_ws_fetcher - ERROR - Error handling trade: Invalid isoformat string: '2025-12-17T16:16:08.421615153+00:00'
2025-12-17 17:16:10,615 - slob.live.alpaca_ws_fetcher - ERROR - Error handling trade: Invalid isoformat string: '2025-12-17T16:16:10.541286177+00:00'
2025-12-17 17:16:10,615 - slob.live.alpaca_ws_fetcher - ERROR - Error handling trade: Invalid isoformat string: '2025-12-17T16:16:10.587520931+00:00'
2025-12-17 17:16:11,336 - slob.live.alpaca_ws_fetcher - ERROR - Error handling trade: Invalid isoformat string: '2025-12-17T16:16:11.297005721+00:00'
2025-12-17 17:16:11,336 - slob.live.alpaca_ws_fetcher - ERROR - Error handling trade: Invalid isoformat string: '2025-12-17T16:16:11.297026353+00:00'
2025-12-17 17:16:11,336 - slob.live.alpaca_ws_fetcher - ERROR - Error handling trade: Invalid isoformat string: '2025-12-17T16:16:11.301167949+00:00'
2025-12-17 17:16:11,337 - slob.live.alpaca_ws_fetcher - ERROR - Error handling trade: Invalid isoformat string: '2025-12-17T16:16:11.307343684+00:00'
2025-12-17 17:16:11,431 - slob.live.alpaca_ws_fetcher - ERROR - Error handling trade: Invalid isoformat string: '2025-12-17T16:16:11.418361052+00:00'
2025-12-17 17:16:12,463 - slob.live.alpaca_ws_fetcher - ERROR - Error handling trade: Invalid isoformat string: '2025-12-17T16:16:12.405130903+00:00'
2025-12-17 17:16:15,686 - slob.live.alpaca_ws_fetcher - ERROR - Error handling trade: Invalid isoformat string: '2025-12-17T16:16:15.671619168+00:00'
2025-12-17 17:16:15,906 - slob.live.alpaca_ws_fetcher - ERROR - Error handling trade: Invalid isoformat string: '2025-12-17T16:16:15.892544786+00:00'
2025-12-17 17:16:15,907 - slob.live.alpaca_ws_fetcher - ERROR - Error handling trade: Invalid isoformat string: '2025-12-17T16:16:15.892718472+00:00'
2025-12-17 17:16:15,985 - slob.live.alpaca_ws_fetcher - ERROR - Error handling trade: Invalid isoformat string: '2025-12-17T16:16:15.964223394+00:00'
2025-12-17 17:16:17,923 - slob.live.alpaca_ws_fetcher - ERROR - Error handling trade: Invalid isoformat string: '2025-12-17T16:16:17.908439202+00:00'
2025-12-17 17:16:17,923 - slob.live.alpaca_ws_fetcher - ERROR - Error handling trade: Invalid isoformat string: '2025-12-17T16:16:17.908462947+00:00'
2025-12-17 17:16:17,924 - slob.live.alpaca_ws_fetcher - ERROR - Error handling trade: Invalid isoformat string: '2025-12-17T16:16:17.908997237+00:00'
2025-12-17 17:16:17,927 - slob.live.alpaca_ws_fetcher - ERROR - Error handling trade: Invalid isoformat string: '2025-12-17T16:16:17.912477055+00:00'
2025-12-17 17:16:20,918 - slob.live.alpaca_ws_fetcher - ERROR - Error handling trade: Invalid isoformat string: '2025-12-17T16:16:20.904372715+00:00'
2025-12-17 17:16:20,995 - slob.live.alpaca_ws_fetcher - ERROR - Error handling trade: Invalid isoformat string: '2025-12-17T16:16:20.982731835+00:00'
2025-12-17 17:16:20,998 - slob.live.alpaca_ws_fetcher - ERROR - Error handling trade: Invalid isoformat string: '2025-12-17T16:16:20.983242298+00:00'
2025-12-17 17:16:22,600 - slob.live.alpaca_ws_fetcher - ERROR - Error handling trade: Invalid isoformat string: '2025-12-17T16:16:22.491873082+00:00'
2025-12-17 17:16:22,600 - slob.live.alpaca_ws_fetcher - ERROR - Error handling trade: Invalid isoformat string: '2025-12-17T16:16:22.492580196+00:00'
2025-12-17 17:16:22,601 - slob.live.alpaca_ws_fetcher - ERROR - Error handling trade: Invalid isoformat string: '2025-12-17T16:16:22.493044234+00:00'
2025-12-17 17:16:22,601 - slob.live.alpaca_ws_fetcher - ERROR - Error handling trade: Invalid isoformat string: '2025-12-17T16:16:22.493066712+00:00'
2025-12-17 17:16:22,601 - slob.live.alpaca_ws_fetcher - ERROR - Error handling trade: Invalid isoformat string: '2025-12-17T16:16:22.525081356+00:00'
2025-12-17 17:16:22,601 - slob.live.alpaca_ws_fetcher - ERROR - Error handling trade: Invalid isoformat string: '2025-12-17T16:16:22.525102436+00:00'
2025-12-17 17:16:22,601 - slob.live.alpaca_ws_fetcher - ERROR - Error handling trade: Invalid isoformat string: '2025-12-17T16:16:22.526204008+00:00'
2025-12-17 17:16:22,805 - slob.live.alpaca_ws_fetcher - ERROR - Error handling trade: Invalid isoformat string: '2025-12-17T16:16:22.789473063+00:00'
2025-12-17 17:16:24,136 - slob.live.alpaca_ws_fetcher - ERROR - Error handling trade: Invalid isoformat string: '2025-12-17T16:16:24.033495912+00:00'
2025-12-17 17:16:24,545 - slob.live.alpaca_ws_fetcher - ERROR - Error handling trade: Invalid isoformat string: '2025-12-17T16:16:24.371998496+00:00'
2025-12-17 17:16:25,834 - slob.live.alpaca_ws_fetcher - ERROR - Error handling trade: Invalid isoformat string: '2025-12-17T16:16:25.820615362+00:00'
2025-12-17 17:16:26,692 - slob.live.alpaca_ws_fetcher - ERROR - Error handling trade: Invalid isoformat string: '2025-12-17T16:16:25.85458488+00:00'
2025-12-17 17:16:26,693 - slob.live.alpaca_ws_fetcher - ERROR - Error handling trade: Invalid isoformat string: '2025-12-17T16:16:26.36083546+00:00'
2025-12-17 17:16:26,693 - slob.live.alpaca_ws_fetcher - ERROR - Error handling trade: Invalid isoformat string: '2025-12-17T16:16:26.625230502+00:00'
2025-12-17 17:16:26,810 - slob.live.alpaca_ws_fetcher - ERROR - Error handling trade: Invalid isoformat string: '2025-12-17T16:16:26.777046573+00:00'
2025-12-17 17:16:26,922 - slob.live.alpaca_ws_fetcher - ERROR - Error handling trade: Invalid isoformat string: '2025-12-17T16:16:26.909923975+00:00'
2025-12-17 17:16:27,207 - slob.live.alpaca_ws_fetcher - ERROR - Error handling trade: Invalid isoformat string: '2025-12-17T16:16:27.133543068+00:00'
2025-12-17 17:16:27,208 - slob.live.alpaca_ws_fetcher - ERROR - Error handling trade: Invalid isoformat string: '2025-12-17T16:16:27.171146448+00:00'
2025-12-17 17:16:27,208 - slob.live.alpaca_ws_fetcher - ERROR - Error handling trade: Invalid isoformat string: '2025-12-17T16:16:27.171158939+00:00'
2025-12-17 17:16:27,208 - slob.live.alpaca_ws_fetcher - ERROR - Error handling trade: Invalid isoformat string: '2025-12-17T16:16:27.185897812+00:00'
2025-12-17 17:16:27,238 - slob.live.alpaca_ws_fetcher - ERROR - Error handling trade: Invalid isoformat string: '2025-12-17T16:16:27.225455761+00:00'
2025-12-17 17:16:27,324 - slob.live.alpaca_ws_fetcher - ERROR - Error handling trade: Invalid isoformat string: '2025-12-17T16:16:27.309274742+00:00'
2025-12-17 17:16:27,617 - slob.live.alpaca_ws_fetcher - ERROR - Error handling trade: Invalid isoformat string: '2025-12-17T16:16:27.565768149+00:00'
2025-12-17 17:16:28,334 - slob.live.alpaca_ws_fetcher - ERROR - Error handling trade: Invalid isoformat string: '2025-12-17T16:16:28.227510535+00:00'
2025-12-17 17:16:29,051 - slob.live.alpaca_ws_fetcher - ERROR - Error handling trade: Invalid isoformat string: '2025-12-17T16:16:29.000235497+00:00'
2025-12-17 17:16:29,564 - slob.live.alpaca_ws_fetcher - ERROR - Error handling trade: Invalid isoformat string: '2025-12-17T16:16:29.514646997+00:00'
2025-12-17 17:16:30,177 - slob.live.alpaca_ws_fetcher - ERROR - Error handling trade: Invalid isoformat string: '2025-12-17T16:16:30.07873628+00:00'
2025-12-17 17:16:30,177 - slob.live.alpaca_ws_fetcher - ERROR - Error handling trade: Invalid isoformat string: '2025-12-17T16:16:30.079551332+00:00'
2025-12-17 17:16:30,692 - slob.live.alpaca_ws_fetcher - ERROR - Error handling trade: Invalid isoformat string: '2025-12-17T16:16:30.671678126+00:00'
2025-12-17 17:16:31,877 - slob.live.alpaca_ws_fetcher - ERROR - Error handling trade: Invalid isoformat string: '2025-12-17T16:16:31.863399886+00:00'
2025-12-17 17:16:31,891 - slob.live.alpaca_ws_fetcher - ERROR - Error handling trade: Invalid isoformat string: '2025-12-17T16:16:31.877604255+00:00'
2025-12-17 17:16:32,327 - slob.live.alpaca_ws_fetcher - ERROR - Error handling trade: Invalid isoformat string: '2025-12-17T16:16:32.2598289+00:00'
2025-12-17 17:16:32,327 - slob.live.alpaca_ws_fetcher - ERROR - Error handling trade: Invalid isoformat string: '2025-12-17T16:16:32.261964101+00:00'
2025-12-17 17:16:32,375 - slob.live.alpaca_ws_fetcher - ERROR - Error handling trade: Invalid isoformat string: '2025-12-17T16:16:32.361138389+00:00'
2025-12-17 17:16:32,468 - slob.live.alpaca_ws_fetcher - ERROR - Error handling trade: Invalid isoformat string: '2025-12-17T16:16:32.456700515+00:00'
2025-12-17 17:16:32,823 - slob.live.alpaca_ws_fetcher - ERROR - Error handling trade: Invalid isoformat string: '2025-12-17T16:16:32.810417289+00:00'
2025-12-17 17:16:33,658 - slob.live.alpaca_ws_fetcher - ERROR - Error handling trade: Invalid isoformat string: '2025-12-17T16:16:33.557478697+00:00'
2025-12-17 17:16:33,659 - slob.live.alpaca_ws_fetcher - ERROR - Error handling trade: Invalid isoformat string: '2025-12-17T16:16:33.557516165+00:00'
2025-12-17 17:16:34,751 - slob.live.alpaca_ws_fetcher - ERROR - Error handling trade: Invalid isoformat string: '2025-12-17T16:16:34.738857373+00:00'
2025-12-17 17:16:34,752 - slob.live.alpaca_ws_fetcher - ERROR - Error handling trade: Invalid isoformat string: '2025-12-17T16:16:34.739471519+00:00'
2025-12-17 17:16:34,769 - slob.live.alpaca_ws_fetcher - ERROR - Error handling trade: Invalid isoformat string: '2025-12-17T16:16:34.756317972+00:00'
2025-12-17 17:16:34,769 - slob.live.alpaca_ws_fetcher - ERROR - Error handling trade: Invalid isoformat string: '2025-12-17T16:16:34.756327828+00:00'
2025-12-17 17:16:34,770 - slob.live.alpaca_ws_fetcher - ERROR - Error handling trade: Invalid isoformat string: '2025-12-17T16:16:34.756341981+00:00'
2025-12-17 17:16:34,774 - slob.live.alpaca_ws_fetcher - ERROR - Error handling trade: Invalid isoformat string: '2025-12-17T16:16:34.762022224+00:00'
2025-12-17 17:16:35,561 - slob.live.alpaca_ws_fetcher - ERROR - Error handling trade: Invalid isoformat string: '2025-12-17T16:16:35.279306231+00:00'
2025-12-17 17:16:35,562 - slob.live.alpaca_ws_fetcher - ERROR - Error handling trade: Invalid isoformat string: '2025-12-17T16:16:35.429800448+00:00'
2025-12-17 17:16:35,562 - slob.live.alpaca_ws_fetcher - ERROR - Error handling trade: Invalid isoformat string: '2025-12-17T16:16:35.450530207+00:00'
2025-12-17 17:16:35,562 - slob.live.alpaca_ws_fetcher - ERROR - Error handling trade: Invalid isoformat string: '2025-12-17T16:16:35.468358323+00:00'
2025-12-17 17:16:35,598 - slob.live.alpaca_ws_fetcher - ERROR - Error handling trade: Invalid isoformat string: '2025-12-17T16:16:35.473556809+00:00'
2025-12-17 17:16:35,742 - slob.live.alpaca_ws_fetcher - ERROR - Error handling trade: Invalid isoformat string: '2025-12-17T16:16:35.72936538+00:00'
2025-12-17 17:16:35,843 - slob.live.alpaca_ws_fetcher - ERROR - Error handling trade: Invalid isoformat string: '2025-12-17T16:16:35.831551651+00:00'
2025-12-17 17:16:35,845 - slob.live.alpaca_ws_fetcher - ERROR - Error handling trade: Invalid isoformat string: '2025-12-17T16:16:35.833745293+00:00'
2025-12-17 17:16:35,846 - slob.live.alpaca_ws_fetcher - ERROR - Error handling trade: Invalid isoformat string: '2025-12-17T16:16:35.833766272+00:00'
2025-12-17 17:16:35,846 - slob.live.alpaca_ws_fetcher - ERROR - Error handling trade: Invalid isoformat string: '2025-12-17T16:16:35.833766316+00:00'
2025-12-17 17:16:35,888 - slob.live.alpaca_ws_fetcher - ERROR - Error handling trade: Invalid isoformat string: '2025-12-17T16:16:35.876153191+00:00'
2025-12-17 17:16:36,006 - slob.live.alpaca_ws_fetcher - ERROR - Error handling trade: Invalid isoformat string: '2025-12-17T16:16:35.975491033+00:00'
2025-12-17 17:16:36,579 - slob.live.alpaca_ws_fetcher - ERROR - Error handling trade: Invalid isoformat string: '2025-12-17T16:16:36.567007606+00:00'
2025-12-17 17:16:36,824 - slob.live.alpaca_ws_fetcher - ERROR - Error handling trade: Invalid isoformat string: '2025-12-17T16:16:36.812253939+00:00'
2025-12-17 17:16:37,157 - slob.live.alpaca_ws_fetcher - ERROR - Error handling trade: Invalid isoformat string: '2025-12-17T16:16:37.144630613+00:00'
2025-12-17 17:16:37,653 - slob.live.alpaca_ws_fetcher - ERROR - Error handling trade: Invalid isoformat string: '2025-12-17T16:16:37.604541222+00:00'
2025-12-17 17:16:37,806 - slob.live.alpaca_ws_fetcher - ERROR - Error handling trade: Invalid isoformat string: '2025-12-17T16:16:37.794812377+00:00'
2025-12-17 17:16:37,806 - slob.live.alpaca_ws_fetcher - ERROR - Error handling trade: Invalid isoformat string: '2025-12-17T16:16:37.794834962+00:00'
2025-12-17 17:16:37,811 - slob.live.alpaca_ws_fetcher - ERROR - Error handling trade: Invalid isoformat string: '2025-12-17T16:16:37.798297264+00:00'
2025-12-17 17:16:37,814 - slob.live.alpaca_ws_fetcher - ERROR - Error handling trade: Invalid isoformat string: '2025-12-17T16:16:37.80113215+00:00'
2025-12-17 17:16:37,817 - slob.live.alpaca_ws_fetcher - ERROR - Error handling trade: Invalid isoformat string: '2025-12-17T16:16:37.806392406+00:00'
2025-12-17 17:16:38,266 - slob.live.alpaca_ws_fetcher - ERROR - Error handling trade: Invalid isoformat string: '2025-12-17T16:16:38.214535826+00:00'
2025-12-17 17:16:38,266 - slob.live.alpaca_ws_fetcher - ERROR - Error handling trade: Invalid isoformat string: '2025-12-17T16:16:38.214551977+00:00'
2025-12-17 17:16:40,620 - slob.live.alpaca_ws_fetcher - ERROR - Error handling trade: Invalid isoformat string: '2025-12-17T16:16:40.509794087+00:00'
2025-12-17 17:16:40,774 - slob.live.alpaca_ws_fetcher - ERROR - Error handling trade: Invalid isoformat string: '2025-12-17T16:16:40.76090925+00:00'
2025-12-17 17:16:40,782 - slob.live.alpaca_ws_fetcher - ERROR - Error handling trade: Invalid isoformat string: '2025-12-17T16:16:40.769739373+00:00'
2025-12-17 17:16:41,132 - slob.live.alpaca_ws_fetcher - ERROR - Error handling trade: Invalid isoformat string: '2025-12-17T16:16:41.083738005+00:00'
2025-12-17 17:16:41,132 - slob.live.alpaca_ws_fetcher - ERROR - Error handling trade: Invalid isoformat string: '2025-12-17T16:16:41.090724303+00:00'
2025-12-17 17:16:41,543 - slob.live.alpaca_ws_fetcher - ERROR - Error handling trade: Invalid isoformat string: '2025-12-17T16:16:41.45646946+00:00'
2025-12-17 17:16:42,007 - slob.live.alpaca_ws_fetcher - ERROR - Error handling trade: Invalid isoformat string: '2025-12-17T16:16:41.99464734+00:00'
2025-12-17 17:16:42,160 - slob.live.alpaca_ws_fetcher - ERROR - Error handling trade: Invalid isoformat string: '2025-12-17T16:16:42.149062683+00:00'
2025-12-17 17:16:42,464 - slob.live.alpaca_ws_fetcher - ERROR - Error handling trade: Invalid isoformat string: '2025-12-17T16:16:42.381403409+00:00'
2025-12-17 17:16:42,728 - slob.live.alpaca_ws_fetcher - ERROR - Error handling trade: Invalid isoformat string: '2025-12-17T16:16:42.703228221+00:00'
2025-12-17 17:16:42,728 - slob.live.alpaca_ws_fetcher - ERROR - Error handling trade: Invalid isoformat string: '2025-12-17T16:16:42.703248629+00:00'
2025-12-17 17:16:44,409 - slob.live.alpaca_ws_fetcher - ERROR - Error handling trade: Invalid isoformat string: '2025-12-17T16:16:44.37841594+00:00'
2025-12-17 17:16:44,719 - slob.live.alpaca_ws_fetcher - ERROR - Error handling trade: Invalid isoformat string: '2025-12-17T16:16:44.660672795+00:00'
2025-12-17 17:16:45,428 - slob.live.alpaca_ws_fetcher - ERROR - Error handling trade: Invalid isoformat string: '2025-12-17T16:16:45.18064383+00:00'
2025-12-17 17:16:45,429 - slob.live.alpaca_ws_fetcher - ERROR - Error handling trade: Invalid isoformat string: '2025-12-17T16:16:45.321526491+00:00'
2025-12-17 17:16:46,559 - slob.live.alpaca_ws_fetcher - ERROR - Error handling trade: Invalid isoformat string: '2025-12-17T16:16:46.442460419+00:00'
2025-12-17 17:16:49,325 - slob.live.alpaca_ws_fetcher - ERROR - Error handling trade: Invalid isoformat string: '2025-12-17T16:16:49.283168024+00:00'
2025-12-17 17:16:49,947 - slob.live.alpaca_ws_fetcher - ERROR - Error handling trade: Invalid isoformat string: '2025-12-17T16:16:49.937900555+00:00'
2025-12-17 17:16:49,948 - slob.live.alpaca_ws_fetcher - ERROR - Error handling trade: Invalid isoformat string: '2025-12-17T16:16:49.937912289+00:00'
2025-12-17 17:16:49,951 - slob.live.alpaca_ws_fetcher - ERROR - Error handling trade: Invalid isoformat string: '2025-12-17T16:16:49.938450192+00:00'
2025-12-17 17:16:50,008 - slob.live.alpaca_ws_fetcher - ERROR - Error handling trade: Invalid isoformat string: '2025-12-17T16:16:49.995733202+00:00'
2025-12-17 17:16:50,054 - slob.live.alpaca_ws_fetcher - ERROR - Error handling trade: Invalid isoformat string: '2025-12-17T16:16:50.039941538+00:00'
2025-12-17 17:16:50,146 - slob.live.alpaca_ws_fetcher - ERROR - Error handling trade: Invalid isoformat string: '2025-12-17T16:16:50.134754807+00:00'
2025-12-17 17:16:50,192 - slob.live.alpaca_ws_fetcher - ERROR - Error handling trade: Invalid isoformat string: '2025-12-17T16:16:50.17894146+00:00'
2025-12-17 17:16:50,362 - slob.live.alpaca_ws_fetcher - ERROR - Error handling trade: Invalid isoformat string: '2025-12-17T16:16:50.349949901+00:00'
2025-12-17 17:16:50,362 - slob.live.alpaca_ws_fetcher - ERROR - Error handling trade: Invalid isoformat string: '2025-12-17T16:16:50.350220789+00:00'
2025-12-17 17:16:50,367 - slob.live.alpaca_ws_fetcher - ERROR - Error handling trade: Invalid isoformat string: '2025-12-17T16:16:50.357006674+00:00'
2025-12-17 17:16:52,601 - slob.live.alpaca_ws_fetcher - ERROR - Error handling trade: Invalid isoformat string: '2025-12-17T16:16:52.542841995+00:00'
2025-12-17 17:16:54,479 - slob.live.live_trading_engine - INFO - ============================================================
2025-12-17 17:16:54,480 - slob.live.live_trading_engine - INFO - SYSTEM HEALTH CHECK
2025-12-17 17:16:54,480 - slob.live.live_trading_engine - INFO - ============================================================
2025-12-17 17:16:54,480 - slob.live.live_trading_engine - INFO - Runtime: 0:02:00.576601
2025-12-17 17:16:54,481 - slob.live.live_trading_engine - INFO - WebSocket: {'state': 'CONNECTED', 'reconnect_attempts': 0, 'message_count': 253, 'tick_count': 0, 'subscribed_symbols': ['GOOGL', 'AAPL', 'MSFT'], 'last_message_time': '2025-12-17T17:16:52.601008'}
2025-12-17 17:16:54,481 - slob.live.live_trading_engine - INFO - TickBuffer: {'current_size': 0, 'max_size': 10000, 'utilization': '0.0%', 'enqueued_count': 0, 'dequeued_count': 0, 'dropped_count': 0, 'evicted_count': 0, 'pending': 0}
2025-12-17 17:16:54,481 - slob.live.live_trading_engine - INFO - CandleAggregator: {'ticks_processed': 0, 'candles_completed': 0, 'gaps_filled': 0, 'active_candles': 0, 'symbols': []}
2025-12-17 17:16:54,482 - slob.live.live_trading_engine - INFO - CandleStore: {'db_path': 'data/week1_checkpoint_20251217_171453.db', 'db_size_mb': 0.0, 'total_candles': 0, 'symbols_count': 0, 'symbols': [], 'candles_saved': 0, 'queries_executed': 0}
2025-12-17 17:16:54,482 - slob.live.live_trading_engine - INFO - EventBus: {'total_events_emitted': 1, 'handler_errors': 0, 'events_by_type': {'websocket_connected': 1}, 'handler_counts': {}, 'history_size': 1}
2025-12-17 17:16:54,482 - slob.live.live_trading_engine - INFO - ============================================================
2025-12-17 17:16:54,751 - slob.live.alpaca_ws_fetcher - ERROR - Error handling trade: Invalid isoformat string: '2025-12-17T16:16:54.615700569+00:00'
2025-12-17 17:16:56,052 - slob.live.alpaca_ws_fetcher - ERROR - Error handling trade: Invalid isoformat string: '2025-12-17T16:16:56.040620162+00:00'
2025-12-17 17:16:56,931 - slob.live.alpaca_ws_fetcher - ERROR - Error handling trade: Invalid isoformat string: '2025-12-17T16:16:56.919194428+00:00'
2025-12-17 17:16:56,932 - slob.live.alpaca_ws_fetcher - ERROR - Error handling trade: Invalid isoformat string: '2025-12-17T16:16:56.919211047+00:00'
2025-12-17 17:16:56,949 - slob.live.alpaca_ws_fetcher - ERROR - Error handling trade: Invalid isoformat string: '2025-12-17T16:16:56.938057451+00:00'
2025-12-17 17:16:57,827 - slob.live.alpaca_ws_fetcher - ERROR - Error handling trade: Invalid isoformat string: '2025-12-17T16:16:57.813906926+00:00'
2025-12-17 17:17:00,064 - slob.live.alpaca_ws_fetcher - ERROR - Error handling trade: Invalid isoformat string: '2025-12-17T16:17:00.054092598+00:00'
2025-12-17 17:17:00,498 - slob.live.alpaca_ws_fetcher - ERROR - Error handling trade: Invalid isoformat string: '2025-12-17T16:17:00.487836864+00:00'
2025-12-17 17:17:01,093 - slob.live.alpaca_ws_fetcher - ERROR - Error handling trade: Invalid isoformat string: '2025-12-17T16:17:01.083601916+00:00'
2025-12-17 17:17:02,124 - slob.live.alpaca_ws_fetcher - ERROR - Error handling trade: Invalid isoformat string: '2025-12-17T16:17:02.075143897+00:00'
2025-12-17 17:17:02,125 - slob.live.alpaca_ws_fetcher - ERROR - Error handling trade: Invalid isoformat string: '2025-12-17T16:17:02.10141698+00:00'
2025-12-17 17:17:02,126 - slob.live.alpaca_ws_fetcher - ERROR - Error handling trade: Invalid isoformat string: '2025-12-17T16:17:02.115889923+00:00'
2025-12-17 17:17:02,126 - slob.live.alpaca_ws_fetcher - ERROR - Error handling trade: Invalid isoformat string: '2025-12-17T16:17:02.115911206+00:00'
2025-12-17 17:17:02,883 - slob.live.alpaca_ws_fetcher - ERROR - Error handling trade: Invalid isoformat string: '2025-12-17T16:17:02.869763781+00:00'
2025-12-17 17:17:03,244 - slob.live.alpaca_ws_fetcher - ERROR - Error handling trade: Invalid isoformat string: '2025-12-17T16:17:03.234162331+00:00'
2025-12-17 17:17:03,258 - slob.live.alpaca_ws_fetcher - ERROR - Error handling trade: Invalid isoformat string: '2025-12-17T16:17:03.244430089+00:00'
2025-12-17 17:17:04,186 - slob.live.alpaca_ws_fetcher - ERROR - Error handling trade: Invalid isoformat string: '2025-12-17T16:17:03.995672952+00:00'
2025-12-17 17:17:04,186 - slob.live.alpaca_ws_fetcher - ERROR - Error handling trade: Invalid isoformat string: '2025-12-17T16:17:04.003900466+00:00'
2025-12-17 17:17:04,186 - slob.live.alpaca_ws_fetcher - ERROR - Error handling trade: Invalid isoformat string: '2025-12-17T16:17:04.006913638+00:00'
2025-12-17 17:17:04,187 - slob.live.alpaca_ws_fetcher - ERROR - Error handling trade: Invalid isoformat string: '2025-12-17T16:17:04.0069453+00:00'
2025-12-17 17:17:04,187 - slob.live.alpaca_ws_fetcher - ERROR - Error handling trade: Invalid isoformat string: '2025-12-17T16:17:04.129967605+00:00'
2025-12-17 17:17:04,220 - slob.live.alpaca_ws_fetcher - ERROR - Error handling trade: Invalid isoformat string: '2025-12-17T16:17:04.20549066+00:00'
2025-12-17 17:17:04,220 - slob.live.alpaca_ws_fetcher - ERROR - Error handling trade: Invalid isoformat string: '2025-12-17T16:17:04.205617393+00:00'
2025-12-17 17:17:04,378 - slob.live.alpaca_ws_fetcher - ERROR - Error handling trade: Invalid isoformat string: '2025-12-17T16:17:04.349556006+00:00'
2025-12-17 17:17:04,378 - slob.live.alpaca_ws_fetcher - ERROR - Error handling trade: Invalid isoformat string: '2025-12-17T16:17:04.350815564+00:00'
2025-12-17 17:17:04,379 - slob.live.alpaca_ws_fetcher - ERROR - Error handling trade: Invalid isoformat string: '2025-12-17T16:17:04.350864385+00:00'
2025-12-17 17:17:04,379 - slob.live.alpaca_ws_fetcher - ERROR - Error handling trade: Invalid isoformat string: '2025-12-17T16:17:04.350884815+00:00'
2025-12-17 17:17:04,379 - slob.live.alpaca_ws_fetcher - ERROR - Error handling trade: Invalid isoformat string: '2025-12-17T16:17:04.350954748+00:00'
2025-12-17 17:17:04,379 - slob.live.alpaca_ws_fetcher - ERROR - Error handling trade: Invalid isoformat string: '2025-12-17T16:17:04.359562027+00:00'
2025-12-17 17:17:04,379 - slob.live.alpaca_ws_fetcher - ERROR - Error handling trade: Invalid isoformat string: '2025-12-17T16:17:04.359567622+00:00'
2025-12-17 17:17:04,379 - slob.live.alpaca_ws_fetcher - ERROR - Error handling trade: Invalid isoformat string: '2025-12-17T16:17:04.360358081+00:00'
2025-12-17 17:17:04,379 - slob.live.alpaca_ws_fetcher - ERROR - Error handling trade: Invalid isoformat string: '2025-12-17T16:17:04.360383668+00:00'
2025-12-17 17:17:04,379 - slob.live.alpaca_ws_fetcher - ERROR - Error handling trade: Invalid isoformat string: '2025-12-17T16:17:04.360383725+00:00'
2025-12-17 17:17:04,571 - slob.live.alpaca_ws_fetcher - ERROR - Error handling trade: Invalid isoformat string: '2025-12-17T16:17:04.561102807+00:00'
2025-12-17 17:17:04,784 - slob.live.alpaca_ws_fetcher - ERROR - Error handling trade: Invalid isoformat string: '2025-12-17T16:17:04.775052246+00:00'
2025-12-17 17:17:04,785 - slob.live.alpaca_ws_fetcher - ERROR - Error handling trade: Invalid isoformat string: '2025-12-17T16:17:04.775069315+00:00'
2025-12-17 17:17:05,168 - slob.live.alpaca_ws_fetcher - ERROR - Error handling trade: Invalid isoformat string: '2025-12-17T16:17:05.158780671+00:00'
2025-12-17 17:17:05,250 - slob.live.alpaca_ws_fetcher - ERROR - Error handling trade: Invalid isoformat string: '2025-12-17T16:17:05.236691067+00:00'
2025-12-17 17:17:05,913 - slob.live.alpaca_ws_fetcher - ERROR - Error handling trade: Invalid isoformat string: '2025-12-17T16:17:05.831531961+00:00'
2025-12-17 17:17:05,913 - slob.live.alpaca_ws_fetcher - ERROR - Error handling trade: Invalid isoformat string: '2025-12-17T16:17:05.836722344+00:00'
2025-12-17 17:17:05,913 - slob.live.alpaca_ws_fetcher - ERROR - Error handling trade: Invalid isoformat string: '2025-12-17T16:17:05.836839053+00:00'
2025-12-17 17:17:05,913 - slob.live.alpaca_ws_fetcher - ERROR - Error handling trade: Invalid isoformat string: '2025-12-17T16:17:05.836866482+00:00'
2025-12-17 17:17:06,008 - slob.live.alpaca_ws_fetcher - ERROR - Error handling trade: Invalid isoformat string: '2025-12-17T16:17:05.950427684+00:00'
2025-12-17 17:17:06,324 - slob.live.alpaca_ws_fetcher - ERROR - Error handling trade: Invalid isoformat string: '2025-12-17T16:17:06.264291787+00:00'
2025-12-17 17:17:06,324 - slob.live.alpaca_ws_fetcher - ERROR - Error handling trade: Invalid isoformat string: '2025-12-17T16:17:06.264304842+00:00'
2025-12-17 17:17:06,534 - slob.live.alpaca_ws_fetcher - ERROR - Error handling trade: Invalid isoformat string: '2025-12-17T16:17:06.525013024+00:00'
2025-12-17 17:17:06,539 - slob.live.alpaca_ws_fetcher - ERROR - Error handling trade: Invalid isoformat string: '2025-12-17T16:17:06.528239887+00:00'
2025-12-17 17:17:06,541 - slob.live.alpaca_ws_fetcher - ERROR - Error handling trade: Invalid isoformat string: '2025-12-17T16:17:06.532252949+00:00'
2025-12-17 17:17:06,543 - slob.live.alpaca_ws_fetcher - ERROR - Error handling trade: Invalid isoformat string: '2025-12-17T16:17:06.5346507+00:00'
2025-12-17 17:17:08,371 - slob.live.alpaca_ws_fetcher - ERROR - Error handling trade: Invalid isoformat string: '2025-12-17T16:17:08.339751365+00:00'
2025-12-17 17:17:11,555 - slob.live.alpaca_ws_fetcher - ERROR - Error handling trade: Invalid isoformat string: '2025-12-17T16:17:11.546038228+00:00'
2025-12-17 17:17:11,719 - slob.live.alpaca_ws_fetcher - ERROR - Error handling trade: Invalid isoformat string: '2025-12-17T16:17:11.709348262+00:00'
2025-12-17 17:17:11,788 - slob.live.alpaca_ws_fetcher - ERROR - Error handling trade: Invalid isoformat string: '2025-12-17T16:17:11.774105511+00:00'
2025-12-17 17:17:11,789 - slob.live.alpaca_ws_fetcher - ERROR - Error handling trade: Invalid isoformat string: '2025-12-17T16:17:11.774530113+00:00'
2025-12-17 17:17:11,789 - slob.live.alpaca_ws_fetcher - ERROR - Error handling trade: Invalid isoformat string: '2025-12-17T16:17:11.774923238+00:00'
2025-12-17 17:17:11,789 - slob.live.alpaca_ws_fetcher - ERROR - Error handling trade: Invalid isoformat string: '2025-12-17T16:17:11.775237905+00:00'
2025-12-17 17:17:11,789 - slob.live.alpaca_ws_fetcher - ERROR - Error handling trade: Invalid isoformat string: '2025-12-17T16:17:11.77542901+00:00'
2025-12-17 17:17:12,002 - slob.live.alpaca_ws_fetcher - ERROR - Error handling trade: Invalid isoformat string: '2025-12-17T16:17:11.988957554+00:00'
2025-12-17 17:17:12,531 - slob.live.alpaca_ws_fetcher - ERROR - Error handling trade: Invalid isoformat string: '2025-12-17T16:17:12.518971061+00:00'
2025-12-17 17:17:12,531 - slob.live.alpaca_ws_fetcher - ERROR - Error handling trade: Invalid isoformat string: '2025-12-17T16:17:12.518988791+00:00'
2025-12-17 17:17:12,639 - slob.live.alpaca_ws_fetcher - ERROR - Error handling trade: Invalid isoformat string: '2025-12-17T16:17:12.628301616+00:00'
2025-12-17 17:17:12,639 - slob.live.alpaca_ws_fetcher - ERROR - Error handling trade: Invalid isoformat string: '2025-12-17T16:17:12.628771002+00:00'
2025-12-17 17:17:12,740 - slob.live.alpaca_ws_fetcher - ERROR - Error handling trade: Invalid isoformat string: '2025-12-17T16:17:12.729199046+00:00'
2025-12-17 17:17:14,202 - slob.live.alpaca_ws_fetcher - ERROR - Error handling trade: Invalid isoformat string: '2025-12-17T16:17:13.60368354+00:00'
2025-12-17 17:17:14,203 - slob.live.alpaca_ws_fetcher - ERROR - Error handling trade: Invalid isoformat string: '2025-12-17T16:17:14.003388001+00:00'
2025-12-17 17:17:15,235 - slob.live.alpaca_ws_fetcher - ERROR - Error handling trade: Invalid isoformat string: '2025-12-17T16:17:15.223832013+00:00'
2025-12-17 17:17:17,221 - slob.live.alpaca_ws_fetcher - ERROR - Error handling trade: Invalid isoformat string: '2025-12-17T16:17:17.088252336+00:00'
2025-12-17 17:17:17,221 - slob.live.alpaca_ws_fetcher - ERROR - Error handling trade: Invalid isoformat string: '2025-12-17T16:17:17.088272112+00:00'
2025-12-17 17:17:17,845 - slob.live.alpaca_ws_fetcher - ERROR - Error handling trade: Invalid isoformat string: '2025-12-17T16:17:17.834859467+00:00'
2025-12-17 17:17:19,121 - slob.live.alpaca_ws_fetcher - ERROR - Error handling trade: Invalid isoformat string: '2025-12-17T16:17:19.056323745+00:00'
2025-12-17 17:17:19,122 - slob.live.alpaca_ws_fetcher - ERROR - Error handling trade: Invalid isoformat string: '2025-12-17T16:17:19.056922553+00:00'
2025-12-17 17:17:19,122 - slob.live.alpaca_ws_fetcher - ERROR - Error handling trade: Invalid isoformat string: '2025-12-17T16:17:19.062074081+00:00'
2025-12-17 17:17:20,856 - slob.live.alpaca_ws_fetcher - ERROR - Error handling trade: Invalid isoformat string: '2025-12-17T16:17:20.14045228+00:00'
2025-12-17 17:17:20,857 - slob.live.alpaca_ws_fetcher - ERROR - Error handling trade: Invalid isoformat string: '2025-12-17T16:17:20.14192311+00:00'
2025-12-17 17:17:21,886 - slob.live.alpaca_ws_fetcher - ERROR - Error handling trade: Invalid isoformat string: '2025-12-17T16:17:21.862385301+00:00'
2025-12-17 17:17:21,886 - slob.live.alpaca_ws_fetcher - ERROR - Error handling trade: Invalid isoformat string: '2025-12-17T16:17:21.862438207+00:00'
2025-12-17 17:17:22,383 - slob.live.alpaca_ws_fetcher - ERROR - Error handling trade: Invalid isoformat string: '2025-12-17T16:17:22.37470456+00:00'
2025-12-17 17:17:22,767 - slob.live.alpaca_ws_fetcher - ERROR - Error handling trade: Invalid isoformat string: '2025-12-17T16:17:22.758394973+00:00'
2025-12-17 17:17:24,080 - slob.live.alpaca_ws_fetcher - ERROR - Error handling trade: Invalid isoformat string: '2025-12-17T16:17:24.07232151+00:00'
2025-12-17 17:17:24,344 - slob.live.alpaca_ws_fetcher - ERROR - Error handling trade: Invalid isoformat string: '2025-12-17T16:17:24.292096993+00:00'
2025-12-17 17:17:25,777 - slob.live.alpaca_ws_fetcher - ERROR - Error handling trade: Invalid isoformat string: '2025-12-17T16:17:25.721420381+00:00'
2025-12-17 17:17:26,595 - slob.live.alpaca_ws_fetcher - ERROR - Error handling trade: Invalid isoformat string: '2025-12-17T16:17:26.572055293+00:00'
2025-12-17 17:17:26,838 - slob.live.alpaca_ws_fetcher - ERROR - Error handling trade: Invalid isoformat string: '2025-12-17T16:17:26.82917983+00:00'
2025-12-17 17:17:27,312 - slob.live.alpaca_ws_fetcher - ERROR - Error handling trade: Invalid isoformat string: '2025-12-17T16:17:27.288931282+00:00'
2025-12-17 17:17:27,321 - slob.live.alpaca_ws_fetcher - ERROR - Error handling trade: Invalid isoformat string: '2025-12-17T16:17:27.313169579+00:00'
2025-12-17 17:17:27,703 - slob.live.alpaca_ws_fetcher - ERROR - Error handling trade: Invalid isoformat string: '2025-12-17T16:17:27.69607384+00:00'
2025-12-17 17:17:28,127 - slob.live.alpaca_ws_fetcher - ERROR - Error handling trade: Invalid isoformat string: '2025-12-17T16:17:28.117841475+00:00'
2025-12-17 17:17:28,129 - slob.live.alpaca_ws_fetcher - ERROR - Error handling trade: Invalid isoformat string: '2025-12-17T16:17:28.121914924+00:00'
2025-12-17 17:17:28,135 - slob.live.alpaca_ws_fetcher - ERROR - Error handling trade: Invalid isoformat string: '2025-12-17T16:17:28.126764337+00:00'
2025-12-17 17:17:28,541 - slob.live.alpaca_ws_fetcher - ERROR - Error handling trade: Invalid isoformat string: '2025-12-17T16:17:28.50506601+00:00'
2025-12-17 17:17:28,564 - slob.live.alpaca_ws_fetcher - ERROR - Error handling trade: Invalid isoformat string: '2025-12-17T16:17:28.550641935+00:00'
2025-12-17 17:17:29,362 - slob.live.alpaca_ws_fetcher - ERROR - Error handling trade: Invalid isoformat string: '2025-12-17T16:17:29.268790373+00:00'
2025-12-17 17:17:29,363 - slob.live.alpaca_ws_fetcher - ERROR - Error handling trade: Invalid isoformat string: '2025-12-17T16:17:29.268810098+00:00'
2025-12-17 17:17:29,363 - slob.live.alpaca_ws_fetcher - ERROR - Error handling trade: Invalid isoformat string: '2025-12-17T16:17:29.26881014+00:00'
2025-12-17 17:17:29,363 - slob.live.alpaca_ws_fetcher - ERROR - Error handling trade: Invalid isoformat string: '2025-12-17T16:17:29.353240832+00:00'
2025-12-17 17:17:30,655 - slob.live.alpaca_ws_fetcher - ERROR - Error handling trade: Invalid isoformat string: '2025-12-17T16:17:30.646720549+00:00'
2025-12-17 17:17:30,712 - slob.live.alpaca_ws_fetcher - ERROR - Error handling trade: Invalid isoformat string: '2025-12-17T16:17:30.701652011+00:00'
2025-12-17 17:17:30,713 - slob.live.alpaca_ws_fetcher - ERROR - Error handling trade: Invalid isoformat string: '2025-12-17T16:17:30.702135065+00:00'
2025-12-17 17:17:32,110 - slob.live.alpaca_ws_fetcher - ERROR - Error handling trade: Invalid isoformat string: '2025-12-17T16:17:32.101007741+00:00'
2025-12-17 17:17:33,354 - slob.live.alpaca_ws_fetcher - ERROR - Error handling trade: Invalid isoformat string: '2025-12-17T16:17:33.242391553+00:00'
2025-12-17 17:17:33,355 - slob.live.alpaca_ws_fetcher - ERROR - Error handling trade: Invalid isoformat string: '2025-12-17T16:17:33.277171637+00:00'
2025-12-17 17:17:34,228 - slob.live.alpaca_ws_fetcher - ERROR - Error handling trade: Invalid isoformat string: '2025-12-17T16:17:34.216434144+00:00'
2025-12-17 17:17:34,305 - slob.live.alpaca_ws_fetcher - ERROR - Error handling trade: Invalid isoformat string: '2025-12-17T16:17:34.295462371+00:00'
2025-12-17 17:17:34,889 - slob.live.alpaca_ws_fetcher - ERROR - Error handling trade: Invalid isoformat string: '2025-12-17T16:17:34.878815173+00:00'
2025-12-17 17:17:34,890 - slob.live.alpaca_ws_fetcher - ERROR - Error handling trade: Invalid isoformat string: '2025-12-17T16:17:34.878831973+00:00'
2025-12-17 17:17:34,890 - slob.live.alpaca_ws_fetcher - ERROR - Error handling trade: Invalid isoformat string: '2025-12-17T16:17:34.8788632+00:00'
2025-12-17 17:17:34,890 - slob.live.alpaca_ws_fetcher - ERROR - Error handling trade: Invalid isoformat string: '2025-12-17T16:17:34.879292449+00:00'
2025-12-17 17:17:34,890 - slob.live.alpaca_ws_fetcher - ERROR - Error handling trade: Invalid isoformat string: '2025-12-17T16:17:34.880505572+00:00'
2025-12-17 17:17:35,137 - slob.live.alpaca_ws_fetcher - ERROR - Error handling trade: Invalid isoformat string: '2025-12-17T16:17:35.127908468+00:00'
2025-12-17 17:17:36,830 - slob.live.alpaca_ws_fetcher - ERROR - Error handling trade: Invalid isoformat string: '2025-12-17T16:17:36.486472959+00:00'
2025-12-17 17:17:36,830 - slob.live.alpaca_ws_fetcher - ERROR - Error handling trade: Invalid isoformat string: '2025-12-17T16:17:36.487658692+00:00'
2025-12-17 17:17:37,106 - slob.live.alpaca_ws_fetcher - ERROR - Error handling trade: Invalid isoformat string: '2025-12-17T16:17:37.097315545+00:00'
2025-12-17 17:17:37,215 - slob.live.alpaca_ws_fetcher - ERROR - Error handling trade: Invalid isoformat string: '2025-12-17T16:17:37.206878105+00:00'
2025-12-17 17:17:37,396 - slob.live.alpaca_ws_fetcher - ERROR - Error handling trade: Invalid isoformat string: '2025-12-17T16:17:37.388599409+00:00'
2025-12-17 17:17:37,397 - slob.live.alpaca_ws_fetcher - ERROR - Error handling trade: Invalid isoformat string: '2025-12-17T16:17:37.388622152+00:00'
2025-12-17 17:17:37,400 - slob.live.alpaca_ws_fetcher - ERROR - Error handling trade: Invalid isoformat string: '2025-12-17T16:17:37.389303603+00:00'
2025-12-17 17:17:37,402 - slob.live.alpaca_ws_fetcher - ERROR - Error handling trade: Invalid isoformat string: '2025-12-17T16:17:37.391926668+00:00'
2025-12-17 17:17:37,402 - slob.live.alpaca_ws_fetcher - ERROR - Error handling trade: Invalid isoformat string: '2025-12-17T16:17:37.391941907+00:00'
2025-12-17 17:17:37,402 - slob.live.alpaca_ws_fetcher - ERROR - Error handling trade: Invalid isoformat string: '2025-12-17T16:17:37.391941965+00:00'
2025-12-17 17:17:37,402 - slob.live.alpaca_ws_fetcher - ERROR - Error handling trade: Invalid isoformat string: '2025-12-17T16:17:37.391945778+00:00'
2025-12-17 17:17:37,403 - slob.live.alpaca_ws_fetcher - ERROR - Error handling trade: Invalid isoformat string: '2025-12-17T16:17:37.394242341+00:00'
2025-12-17 17:17:38,389 - slob.live.alpaca_ws_fetcher - ERROR - Error handling trade: Invalid isoformat string: '2025-12-17T16:17:38.378140534+00:00'
2025-12-17 17:17:38,702 - slob.live.alpaca_ws_fetcher - ERROR - Error handling trade: Invalid isoformat string: '2025-12-17T16:17:38.693200197+00:00'
2025-12-17 17:17:38,710 - slob.live.alpaca_ws_fetcher - ERROR - Error handling trade: Invalid isoformat string: '2025-12-17T16:17:38.703207914+00:00'
2025-12-17 17:17:38,921 - slob.live.alpaca_ws_fetcher - ERROR - Error handling trade: Invalid isoformat string: '2025-12-17T16:17:38.912777366+00:00'
2025-12-17 17:17:42,365 - slob.live.alpaca_ws_fetcher - ERROR - Error handling trade: Invalid isoformat string: '2025-12-17T16:17:42.173264133+00:00'
2025-12-17 17:17:42,774 - slob.live.alpaca_ws_fetcher - ERROR - Error handling trade: Invalid isoformat string: '2025-12-17T16:17:42.694260569+00:00'
2025-12-17 17:17:42,874 - slob.live.alpaca_ws_fetcher - ERROR - Error handling trade: Invalid isoformat string: '2025-12-17T16:17:42.864869942+00:00'
2025-12-17 17:17:42,875 - slob.live.alpaca_ws_fetcher - ERROR - Error handling trade: Invalid isoformat string: '2025-12-17T16:17:42.864888883+00:00'
2025-12-17 17:17:42,875 - slob.live.alpaca_ws_fetcher - ERROR - Error handling trade: Invalid isoformat string: '2025-12-17T16:17:42.864993663+00:00'
2025-12-17 17:17:44,001 - slob.live.alpaca_ws_fetcher - ERROR - Error handling trade: Invalid isoformat string: '2025-12-17T16:17:43.992212415+00:00'
2025-12-17 17:17:44,001 - slob.live.alpaca_ws_fetcher - ERROR - Error handling trade: Invalid isoformat string: '2025-12-17T16:17:43.992231169+00:00'
2025-12-17 17:17:44,001 - slob.live.alpaca_ws_fetcher - ERROR - Error handling trade: Invalid isoformat string: '2025-12-17T16:17:43.992443305+00:00'
2025-12-17 17:17:44,001 - slob.live.alpaca_ws_fetcher - ERROR - Error handling trade: Invalid isoformat string: '2025-12-17T16:17:43.992474978+00:00'
2025-12-17 17:17:44,002 - slob.live.alpaca_ws_fetcher - ERROR - Error handling trade: Invalid isoformat string: '2025-12-17T16:17:43.994527784+00:00'
2025-12-17 17:17:44,003 - slob.live.alpaca_ws_fetcher - ERROR - Error handling trade: Invalid isoformat string: '2025-12-17T16:17:43.994556345+00:00'
2025-12-17 17:17:44,007 - slob.live.alpaca_ws_fetcher - ERROR - Error handling trade: Invalid isoformat string: '2025-12-17T16:17:43.998617712+00:00'
2025-12-17 17:17:44,021 - slob.live.alpaca_ws_fetcher - ERROR - Error handling trade: Invalid isoformat string: '2025-12-17T16:17:44.010554136+00:00'
2025-12-17 17:17:44,021 - slob.live.alpaca_ws_fetcher - ERROR - Error handling trade: Invalid isoformat string: '2025-12-17T16:17:44.0105944+00:00'
2025-12-17 17:17:44,021 - slob.live.alpaca_ws_fetcher - ERROR - Error handling trade: Invalid isoformat string: '2025-12-17T16:17:44.011801202+00:00'
2025-12-17 17:17:44,127 - slob.live.alpaca_ws_fetcher - ERROR - Error handling trade: Invalid isoformat string: '2025-12-17T16:17:44.063645612+00:00'
2025-12-17 17:17:44,515 - slob.live.alpaca_ws_fetcher - ERROR - Error handling trade: Invalid isoformat string: '2025-12-17T16:17:44.477785147+00:00'
2025-12-17 17:17:45,027 - slob.live.alpaca_ws_fetcher - ERROR - Error handling trade: Invalid isoformat string: '2025-12-17T16:17:44.947778783+00:00'
2025-12-17 17:17:45,028 - slob.live.alpaca_ws_fetcher - ERROR - Error handling trade: Invalid isoformat string: '2025-12-17T16:17:44.94783995+00:00'
2025-12-17 17:17:46,148 - slob.live.alpaca_ws_fetcher - ERROR - Error handling trade: Invalid isoformat string: '2025-12-17T16:17:45.923653172+00:00'
2025-12-17 17:17:48,014 - slob.live.alpaca_ws_fetcher - ERROR - Error handling trade: Invalid isoformat string: '2025-12-17T16:17:48.005653561+00:00'
2025-12-17 17:17:48,162 - slob.live.alpaca_ws_fetcher - ERROR - Error handling trade: Invalid isoformat string: '2025-12-17T16:17:48.14986046+00:00'
2025-12-17 17:17:48,164 - slob.live.alpaca_ws_fetcher - ERROR - Error handling trade: Invalid isoformat string: '2025-12-17T16:17:48.155589565+00:00'
2025-12-17 17:17:48,473 - slob.live.alpaca_ws_fetcher - ERROR - Error handling trade: Invalid isoformat string: '2025-12-17T16:17:48.467101814+00:00'
2025-12-17 17:17:50,068 - slob.live.alpaca_ws_fetcher - ERROR - Error handling trade: Invalid isoformat string: '2025-12-17T16:17:50.061896904+00:00'
2025-12-17 17:17:50,136 - slob.live.alpaca_ws_fetcher - ERROR - Error handling trade: Invalid isoformat string: '2025-12-17T16:17:50.117872084+00:00'
2025-12-17 17:17:50,136 - slob.live.alpaca_ws_fetcher - ERROR - Error handling trade: Invalid isoformat string: '2025-12-17T16:17:50.12501536+00:00'
2025-12-17 17:17:50,999 - slob.live.alpaca_ws_fetcher - ERROR - Error handling trade: Invalid isoformat string: '2025-12-17T16:17:50.990708278+00:00'
2025-12-17 17:17:51,478 - slob.live.alpaca_ws_fetcher - ERROR - Error handling trade: Invalid isoformat string: '2025-12-17T16:17:51.269492633+00:00'
2025-12-17 17:17:51,478 - slob.live.alpaca_ws_fetcher - ERROR - Error handling trade: Invalid isoformat string: '2025-12-17T16:17:51.467984376+00:00'
2025-12-17 17:17:53,115 - slob.live.alpaca_ws_fetcher - ERROR - Error handling trade: Invalid isoformat string: '2025-12-17T16:17:53.068774456+00:00'
2025-12-17 17:17:53,116 - slob.live.alpaca_ws_fetcher - ERROR - Error handling trade: Invalid isoformat string: '2025-12-17T16:17:53.06880196+00:00'
2025-12-17 17:17:53,117 - slob.live.alpaca_ws_fetcher - ERROR - Error handling trade: Invalid isoformat string: '2025-12-17T16:17:53.088508333+00:00'
